{"C:\\Users\\dell\\Documents\\OneDrive - BYU-Idaho\\CSE341\\Final Project\\City-SSPS-API\\src\\Models\\Power.js": {"path":"C:\\Users\\dell\\Documents\\OneDrive - BYU-Idaho\\CSE341\\Final Project\\City-SSPS-API\\src\\Models\\Power.js","statementMap":{"0":{"start":{"line":3,"column":20},"end":{"line":33,"column":2}}},"fnMap":{},"branchMap":{},"s":{"0":1},"f":{},"b":{},"_coverageSchema":"1a1c01bbd47fc00a2c39e90264f33305004495a9","hash":"775a6514c2afa5a754bcf0fd140cfe65c9352027"}
,"C:\\Users\\dell\\Documents\\OneDrive - BYU-Idaho\\CSE341\\Final Project\\City-SSPS-API\\src\\Models\\Security.js": {"path":"C:\\Users\\dell\\Documents\\OneDrive - BYU-Idaho\\CSE341\\Final Project\\City-SSPS-API\\src\\Models\\Security.js","statementMap":{"0":{"start":{"line":3,"column":23},"end":{"line":33,"column":2}}},"fnMap":{},"branchMap":{},"s":{"0":1},"f":{},"b":{},"_coverageSchema":"1a1c01bbd47fc00a2c39e90264f33305004495a9","hash":"8e543a9364b3196205015201d052d8b91b461fd0"}
,"C:\\Users\\dell\\Documents\\OneDrive - BYU-Idaho\\CSE341\\Final Project\\City-SSPS-API\\src\\Models\\Sewer.js": {"path":"C:\\Users\\dell\\Documents\\OneDrive - BYU-Idaho\\CSE341\\Final Project\\City-SSPS-API\\src\\Models\\Sewer.js","statementMap":{"0":{"start":{"line":3,"column":20},"end":{"line":33,"column":2}}},"fnMap":{},"branchMap":{},"s":{"0":1},"f":{},"b":{},"_coverageSchema":"1a1c01bbd47fc00a2c39e90264f33305004495a9","hash":"04a483dddc2f1dfd2d1c2fa35b44196eb296230f"}
,"C:\\Users\\dell\\Documents\\OneDrive - BYU-Idaho\\CSE341\\Final Project\\City-SSPS-API\\src\\Models\\Street.js": {"path":"C:\\Users\\dell\\Documents\\OneDrive - BYU-Idaho\\CSE341\\Final Project\\City-SSPS-API\\src\\Models\\Street.js","statementMap":{"0":{"start":{"line":3,"column":21},"end":{"line":34,"column":2}}},"fnMap":{},"branchMap":{},"s":{"0":1},"f":{},"b":{},"_coverageSchema":"1a1c01bbd47fc00a2c39e90264f33305004495a9","hash":"dbddfd05e4e49d1db63a2bf854ce064c4785fa0b"}
,"C:\\Users\\dell\\Documents\\OneDrive - BYU-Idaho\\CSE341\\Final Project\\City-SSPS-API\\src\\Routes\\app.js": {"path":"C:\\Users\\dell\\Documents\\OneDrive - BYU-Idaho\\CSE341\\Final Project\\City-SSPS-API\\src\\Routes\\app.js","statementMap":{"0":{"start":{"line":10,"column":0},"end":{"line":10,"column":10}},"1":{"start":{"line":11,"column":12},"end":{"line":11,"column":21}},"2":{"start":{"line":13,"column":0},"end":{"line":18,"column":4}},"3":{"start":{"line":20,"column":0},"end":{"line":20,"column":27}},"4":{"start":{"line":23,"column":0},"end":{"line":23,"column":16}},"5":{"start":{"line":24,"column":0},"end":{"line":24,"column":24}},"6":{"start":{"line":26,"column":0},"end":{"line":26,"column":34}},"7":{"start":{"line":27,"column":0},"end":{"line":27,"column":31}},"8":{"start":{"line":30,"column":0},"end":{"line":41,"column":3}},"9":{"start":{"line":31,"column":2},"end":{"line":31,"column":49}},"10":{"start":{"line":32,"column":2},"end":{"line":35,"column":4}},"11":{"start":{"line":36,"column":2},"end":{"line":39,"column":4}},"12":{"start":{"line":40,"column":2},"end":{"line":40,"column":9}},"13":{"start":{"line":45,"column":0},"end":{"line":45,"column":15}},"14":{"start":{"line":48,"column":0},"end":{"line":55,"column":3}},"15":{"start":{"line":50,"column":2},"end":{"line":50,"column":41}},"16":{"start":{"line":51,"column":2},"end":{"line":51,"column":55}},"17":{"start":{"line":52,"column":2},"end":{"line":54,"column":5}}},"fnMap":{"0":{"name":"(anonymous_0)","decl":{"start":{"line":30,"column":8},"end":{"line":30,"column":9}},"loc":{"start":{"line":30,"column":34},"end":{"line":41,"column":1}},"line":30},"1":{"name":"(anonymous_1)","decl":{"start":{"line":48,"column":8},"end":{"line":48,"column":9}},"loc":{"start":{"line":48,"column":33},"end":{"line":55,"column":1}},"line":48}},"branchMap":{"0":{"loc":{"start":{"line":50,"column":19},"end":{"line":50,"column":40}},"type":"binary-expr","locations":[{"start":{"line":50,"column":19},"end":{"line":50,"column":33}},{"start":{"line":50,"column":37},"end":{"line":50,"column":40}}],"line":50},"1":{"loc":{"start":{"line":51,"column":16},"end":{"line":51,"column":54}},"type":"binary-expr","locations":[{"start":{"line":51,"column":16},"end":{"line":51,"column":27}},{"start":{"line":51,"column":31},"end":{"line":51,"column":54}}],"line":51}},"s":{"0":1,"1":1,"2":1,"3":1,"4":1,"5":1,"6":1,"7":1,"8":1,"9":9,"10":9,"11":9,"12":9,"13":1,"14":1,"15":0,"16":0,"17":0},"f":{"0":9,"1":0},"b":{"0":[0,0],"1":[0,0]},"_coverageSchema":"1a1c01bbd47fc00a2c39e90264f33305004495a9","hash":"730dc608ab72effdba40601e0ad600638a548004"}
,"C:\\Users\\dell\\Documents\\OneDrive - BYU-Idaho\\CSE341\\Final Project\\City-SSPS-API\\src\\Routes\\swaggerRoute.js": {"path":"C:\\Users\\dell\\Documents\\OneDrive - BYU-Idaho\\CSE341\\Final Project\\City-SSPS-API\\src\\Routes\\swaggerRoute.js","statementMap":{"0":{"start":{"line":4,"column":22},"end":{"line":4,"column":30}},"1":{"start":{"line":5,"column":0},"end":{"line":5,"column":38}},"2":{"start":{"line":6,"column":0},"end":{"line":6,"column":55}}},"fnMap":{},"branchMap":{},"s":{"0":1,"1":1,"2":1},"f":{},"b":{},"_coverageSchema":"1a1c01bbd47fc00a2c39e90264f33305004495a9","hash":"13cc0b1184979c279468694d70db85ac77e8c010"}
,"C:\\Users\\dell\\Documents\\OneDrive - BYU-Idaho\\CSE341\\Final Project\\City-SSPS-API\\src\\Routes\\api-v1\\routes.js": {"path":"C:\\Users\\dell\\Documents\\OneDrive - BYU-Idaho\\CSE341\\Final Project\\City-SSPS-API\\src\\Routes\\api-v1\\routes.js","statementMap":{"0":{"start":{"line":11,"column":14},"end":{"line":11,"column":22}},"1":{"start":{"line":13,"column":0},"end":{"line":13,"column":41}},"2":{"start":{"line":14,"column":0},"end":{"line":14,"column":39}},"3":{"start":{"line":15,"column":0},"end":{"line":15,"column":39}},"4":{"start":{"line":16,"column":0},"end":{"line":16,"column":45}},"5":{"start":{"line":17,"column":0},"end":{"line":17,"column":31}},"6":{"start":{"line":18,"column":0},"end":{"line":18,"column":27}},"7":{"start":{"line":19,"column":0},"end":{"line":19,"column":30}},"8":{"start":{"line":20,"column":0},"end":{"line":20,"column":47}}},"fnMap":{},"branchMap":{},"s":{"0":1,"1":1,"2":1,"3":1,"4":1,"5":1,"6":1,"7":1,"8":1},"f":{},"b":{},"_coverageSchema":"1a1c01bbd47fc00a2c39e90264f33305004495a9","hash":"6411a233fd98cf954a0c905e95b41b3dfe5921e3"}
,"C:\\Users\\dell\\Documents\\OneDrive - BYU-Idaho\\CSE341\\Final Project\\City-SSPS-API\\src\\Routes\\api-v1\\Neighborhood\\neighborhoodRoute.js": {"path":"C:\\Users\\dell\\Documents\\OneDrive - BYU-Idaho\\CSE341\\Final Project\\City-SSPS-API\\src\\Routes\\api-v1\\Neighborhood\\neighborhoodRoute.js","statementMap":{"0":{"start":{"line":3,"column":27},"end":{"line":3,"column":35}},"1":{"start":{"line":5,"column":0},"end":{"line":8,"column":2}}},"fnMap":{},"branchMap":{},"s":{"0":1,"1":1},"f":{},"b":{},"_coverageSchema":"1a1c01bbd47fc00a2c39e90264f33305004495a9","hash":"312302dee230270fce7cbb2de6c9225b1868f69a"}
,"C:\\Users\\dell\\Documents\\OneDrive - BYU-Idaho\\CSE341\\Final Project\\City-SSPS-API\\src\\Routes\\api-v1\\Oauth\\oauthRoute.js": {"path":"C:\\Users\\dell\\Documents\\OneDrive - BYU-Idaho\\CSE341\\Final Project\\City-SSPS-API\\src\\Routes\\api-v1\\Oauth\\oauthRoute.js","statementMap":{"0":{"start":{"line":5,"column":19},"end":{"line":5,"column":35}},"1":{"start":{"line":8,"column":4},"end":{"line":8,"column":44}},"2":{"start":{"line":11,"column":0},"end":{"line":21,"column":5}},"3":{"start":{"line":12,"column":4},"end":{"line":15,"column":5}},"4":{"start":{"line":14,"column":6},"end":{"line":14,"column":45}},"5":{"start":{"line":18,"column":4},"end":{"line":20,"column":23}},"6":{"start":{"line":23,"column":0},"end":{"line":29,"column":2}},"7":{"start":{"line":31,"column":0},"end":{"line":34,"column":3}},"8":{"start":{"line":32,"column":15},"end":{"line":32,"column":35}},"9":{"start":{"line":33,"column":4},"end":{"line":33,"column":37}},"10":{"start":{"line":36,"column":0},"end":{"line":39,"column":5}},"11":{"start":{"line":37,"column":4},"end":{"line":37,"column":46}},"12":{"start":{"line":38,"column":4},"end":{"line":38,"column":37}},"13":{"start":{"line":41,"column":0},"end":{"line":49,"column":5}},"14":{"start":{"line":42,"column":4},"end":{"line":48,"column":7}},"15":{"start":{"line":43,"column":6},"end":{"line":45,"column":7}},"16":{"start":{"line":44,"column":8},"end":{"line":44,"column":56}},"17":{"start":{"line":46,"column":6},"end":{"line":46,"column":37}},"18":{"start":{"line":47,"column":6},"end":{"line":47,"column":24}}},"fnMap":{"0":{"name":"isLoggedIn","decl":{"start":{"line":7,"column":9},"end":{"line":7,"column":19}},"loc":{"start":{"line":7,"column":36},"end":{"line":9,"column":1}},"line":7},"1":{"name":"(anonymous_1)","decl":{"start":{"line":11,"column":30},"end":{"line":11,"column":31}},"loc":{"start":{"line":11,"column":50},"end":{"line":21,"column":3}},"line":11},"2":{"name":"(anonymous_2)","decl":{"start":{"line":31,"column":41},"end":{"line":31,"column":42}},"loc":{"start":{"line":31,"column":55},"end":{"line":34,"column":1}},"line":31},"3":{"name":"(anonymous_3)","decl":{"start":{"line":36,"column":32},"end":{"line":36,"column":33}},"loc":{"start":{"line":36,"column":46},"end":{"line":39,"column":3}},"line":36},"4":{"name":"(anonymous_4)","decl":{"start":{"line":41,"column":31},"end":{"line":41,"column":32}},"loc":{"start":{"line":41,"column":45},"end":{"line":49,"column":3}},"line":41},"5":{"name":"(anonymous_5)","decl":{"start":{"line":42,"column":24},"end":{"line":42,"column":25}},"loc":{"start":{"line":42,"column":33},"end":{"line":48,"column":5}},"line":42}},"branchMap":{"0":{"loc":{"start":{"line":8,"column":4},"end":{"line":8,"column":43}},"type":"cond-expr","locations":[{"start":{"line":8,"column":15},"end":{"line":8,"column":21}},{"start":{"line":8,"column":24},"end":{"line":8,"column":43}}],"line":8},"1":{"loc":{"start":{"line":12,"column":4},"end":{"line":15,"column":5}},"type":"if","locations":[{"start":{"line":12,"column":4},"end":{"line":15,"column":5}},{"start":{},"end":{}}],"line":12},"2":{"loc":{"start":{"line":43,"column":6},"end":{"line":45,"column":7}},"type":"if","locations":[{"start":{"line":43,"column":6},"end":{"line":45,"column":7}},{"start":{},"end":{}}],"line":43}},"s":{"0":1,"1":0,"2":1,"3":0,"4":0,"5":0,"6":1,"7":1,"8":0,"9":0,"10":1,"11":0,"12":0,"13":1,"14":0,"15":0,"16":0,"17":0,"18":0},"f":{"0":0,"1":0,"2":0,"3":0,"4":0,"5":0},"b":{"0":[0,0],"1":[0,0],"2":[0,0]},"_coverageSchema":"1a1c01bbd47fc00a2c39e90264f33305004495a9","hash":"94835dd7dae54c2f6376f2e41fd4f87c20a99306"}
,"C:\\Users\\dell\\Documents\\OneDrive - BYU-Idaho\\CSE341\\Final Project\\City-SSPS-API\\src\\Routes\\api-v1\\power\\Power.js": {"path":"C:\\Users\\dell\\Documents\\OneDrive - BYU-Idaho\\CSE341\\Final Project\\City-SSPS-API\\src\\Routes\\api-v1\\power\\Power.js","statementMap":{"0":{"start":{"line":4,"column":15},"end":{"line":4,"column":31}},"1":{"start":{"line":7,"column":0},"end":{"line":7,"column":46}},"2":{"start":{"line":10,"column":0},"end":{"line":10,"column":48}},"3":{"start":{"line":13,"column":0},"end":{"line":13,"column":46}},"4":{"start":{"line":16,"column":0},"end":{"line":16,"column":49}},"5":{"start":{"line":19,"column":0},"end":{"line":19,"column":51}}},"fnMap":{},"branchMap":{},"s":{"0":1,"1":1,"2":1,"3":1,"4":1,"5":1},"f":{},"b":{},"_coverageSchema":"1a1c01bbd47fc00a2c39e90264f33305004495a9","hash":"09a4f109fd0fe63ac504a2882a61dcbf06ca5ede"}
,"C:\\Users\\dell\\Documents\\OneDrive - BYU-Idaho\\CSE341\\Final Project\\City-SSPS-API\\src\\Routes\\api-v1\\security\\Security.js": {"path":"C:\\Users\\dell\\Documents\\OneDrive - BYU-Idaho\\CSE341\\Final Project\\City-SSPS-API\\src\\Routes\\api-v1\\security\\Security.js","statementMap":{"0":{"start":{"line":4,"column":15},"end":{"line":4,"column":31}},"1":{"start":{"line":7,"column":0},"end":{"line":7,"column":52}},"2":{"start":{"line":10,"column":0},"end":{"line":10,"column":54}},"3":{"start":{"line":13,"column":0},"end":{"line":13,"column":51}},"4":{"start":{"line":16,"column":0},"end":{"line":16,"column":55}},"5":{"start":{"line":19,"column":0},"end":{"line":19,"column":57}}},"fnMap":{},"branchMap":{},"s":{"0":1,"1":1,"2":1,"3":1,"4":1,"5":1},"f":{},"b":{},"_coverageSchema":"1a1c01bbd47fc00a2c39e90264f33305004495a9","hash":"4ff4883336464d3f24eb2d6dade933fc5e81095f"}
,"C:\\Users\\dell\\Documents\\OneDrive - BYU-Idaho\\CSE341\\Final Project\\City-SSPS-API\\src\\Routes\\api-v1\\sewer\\Sewer.js": {"path":"C:\\Users\\dell\\Documents\\OneDrive - BYU-Idaho\\CSE341\\Final Project\\City-SSPS-API\\src\\Routes\\api-v1\\sewer\\Sewer.js","statementMap":{"0":{"start":{"line":4,"column":15},"end":{"line":4,"column":31}},"1":{"start":{"line":7,"column":0},"end":{"line":7,"column":46}},"2":{"start":{"line":10,"column":0},"end":{"line":10,"column":48}},"3":{"start":{"line":13,"column":0},"end":{"line":13,"column":46}},"4":{"start":{"line":16,"column":0},"end":{"line":16,"column":49}},"5":{"start":{"line":19,"column":0},"end":{"line":19,"column":51}}},"fnMap":{},"branchMap":{},"s":{"0":1,"1":1,"2":1,"3":1,"4":1,"5":1},"f":{},"b":{},"_coverageSchema":"1a1c01bbd47fc00a2c39e90264f33305004495a9","hash":"0931ca7f07d09e0c2aebf4c462ac2e8fd40563a4"}
,"C:\\Users\\dell\\Documents\\OneDrive - BYU-Idaho\\CSE341\\Final Project\\City-SSPS-API\\src\\Routes\\api-v1\\street\\Street.js": {"path":"C:\\Users\\dell\\Documents\\OneDrive - BYU-Idaho\\CSE341\\Final Project\\City-SSPS-API\\src\\Routes\\api-v1\\street\\Street.js","statementMap":{"0":{"start":{"line":3,"column":21},"end":{"line":3,"column":29}},"1":{"start":{"line":5,"column":0},"end":{"line":5,"column":51}},"2":{"start":{"line":6,"column":0},"end":{"line":6,"column":53}},"3":{"start":{"line":7,"column":0},"end":{"line":7,"column":53}},"4":{"start":{"line":8,"column":0},"end":{"line":8,"column":57}},"5":{"start":{"line":9,"column":0},"end":{"line":9,"column":60}}},"fnMap":{},"branchMap":{},"s":{"0":1,"1":1,"2":1,"3":1,"4":1,"5":1},"f":{},"b":{},"_coverageSchema":"1a1c01bbd47fc00a2c39e90264f33305004495a9","hash":"4682aa8bedc75acda8a918c764dba307788d4188"}
,"C:\\Users\\dell\\Documents\\OneDrive - BYU-Idaho\\CSE341\\Final Project\\City-SSPS-API\\src\\auth\\auth.js": {"path":"C:\\Users\\dell\\Documents\\OneDrive - BYU-Idaho\\CSE341\\Final Project\\City-SSPS-API\\src\\auth\\auth.js","statementMap":{"0":{"start":{"line":4,"column":0},"end":{"line":4,"column":16}},"1":{"start":{"line":6,"column":0},"end":{"line":18,"column":2}},"2":{"start":{"line":15,"column":6},"end":{"line":15,"column":53}},"3":{"start":{"line":20,"column":0},"end":{"line":22,"column":3}},"4":{"start":{"line":21,"column":2},"end":{"line":21,"column":19}},"5":{"start":{"line":24,"column":0},"end":{"line":26,"column":3}},"6":{"start":{"line":25,"column":2},"end":{"line":25,"column":19}}},"fnMap":{"0":{"name":"(anonymous_0)","decl":{"start":{"line":14,"column":4},"end":{"line":14,"column":5}},"loc":{"start":{"line":14,"column":66},"end":{"line":16,"column":5}},"line":14},"1":{"name":"(anonymous_1)","decl":{"start":{"line":20,"column":23},"end":{"line":20,"column":24}},"loc":{"start":{"line":20,"column":39},"end":{"line":22,"column":1}},"line":20},"2":{"name":"(anonymous_2)","decl":{"start":{"line":24,"column":25},"end":{"line":24,"column":26}},"loc":{"start":{"line":24,"column":41},"end":{"line":26,"column":1}},"line":24}},"branchMap":{},"s":{"0":1,"1":1,"2":0,"3":1,"4":0,"5":1,"6":0},"f":{"0":0,"1":0,"2":0},"b":{},"_coverageSchema":"1a1c01bbd47fc00a2c39e90264f33305004495a9","hash":"5fa9c3e8fc1d587dd4404e20abf1a50ffa100748"}
,"C:\\Users\\dell\\Documents\\OneDrive - BYU-Idaho\\CSE341\\Final Project\\City-SSPS-API\\src\\controller\\NeighborhoodController.js": {"path":"C:\\Users\\dell\\Documents\\OneDrive - BYU-Idaho\\CSE341\\Final Project\\City-SSPS-API\\src\\controller\\NeighborhoodController.js","statementMap":{"0":{"start":{"line":9,"column":34},"end":{"line":9,"column":44}},"1":{"start":{"line":10,"column":6},"end":{"line":22,"column":7}},"2":{"start":{"line":11,"column":23},"end":{"line":11,"column":76}},"3":{"start":{"line":12,"column":25},"end":{"line":12,"column":81}},"4":{"start":{"line":13,"column":23},"end":{"line":13,"column":77}},"5":{"start":{"line":14,"column":22},"end":{"line":14,"column":75}},"6":{"start":{"line":15,"column":27},"end":{"line":15,"column":62}},"7":{"start":{"line":16,"column":8},"end":{"line":16,"column":50}},"8":{"start":{"line":18,"column":8},"end":{"line":21,"column":11}}},"fnMap":{"0":{"name":"(anonymous_0)","decl":{"start":{"line":8,"column":4},"end":{"line":8,"column":5}},"loc":{"start":{"line":8,"column":47},"end":{"line":23,"column":5}},"line":8}},"branchMap":{},"s":{"0":0,"1":0,"2":0,"3":0,"4":0,"5":0,"6":0,"7":0,"8":0},"f":{"0":0},"b":{},"_coverageSchema":"1a1c01bbd47fc00a2c39e90264f33305004495a9","hash":"e56bac8c3cda91c333d7647b4f02f380871d4db5"}
,"C:\\Users\\dell\\Documents\\OneDrive - BYU-Idaho\\CSE341\\Final Project\\City-SSPS-API\\src\\controller\\PowerController.js": {"path":"C:\\Users\\dell\\Documents\\OneDrive - BYU-Idaho\\CSE341\\Final Project\\City-SSPS-API\\src\\controller\\PowerController.js","statementMap":{"0":{"start":{"line":5,"column":4},"end":{"line":13,"column":5}},"1":{"start":{"line":6,"column":21},"end":{"line":6,"column":39}},"2":{"start":{"line":7,"column":6},"end":{"line":7,"column":42}},"3":{"start":{"line":9,"column":6},"end":{"line":12,"column":9}},"4":{"start":{"line":17,"column":19},"end":{"line":17,"column":29}},"5":{"start":{"line":18,"column":4},"end":{"line":31,"column":5}},"6":{"start":{"line":19,"column":20},"end":{"line":19,"column":44}},"7":{"start":{"line":20,"column":6},"end":{"line":22,"column":7}},"8":{"start":{"line":21,"column":8},"end":{"line":21,"column":72}},"9":{"start":{"line":23,"column":6},"end":{"line":26,"column":9}},"10":{"start":{"line":28,"column":6},"end":{"line":30,"column":63}},"11":{"start":{"line":36,"column":6},"end":{"line":36,"column":14}},"12":{"start":{"line":39,"column":4},"end":{"line":50,"column":5}},"13":{"start":{"line":47,"column":6},"end":{"line":49,"column":59}},"14":{"start":{"line":52,"column":4},"end":{"line":67,"column":5}},"15":{"start":{"line":53,"column":20},"end":{"line":60,"column":8}},"16":{"start":{"line":61,"column":6},"end":{"line":61,"column":41}},"17":{"start":{"line":63,"column":6},"end":{"line":66,"column":9}},"18":{"start":{"line":71,"column":19},"end":{"line":71,"column":29}},"19":{"start":{"line":73,"column":6},"end":{"line":73,"column":14}},"20":{"start":{"line":76,"column":4},"end":{"line":85,"column":5}},"21":{"start":{"line":84,"column":6},"end":{"line":84,"column":73}},"22":{"start":{"line":87,"column":4},"end":{"line":99,"column":5}},"23":{"start":{"line":88,"column":20},"end":{"line":92,"column":7}},"24":{"start":{"line":93,"column":6},"end":{"line":95,"column":7}},"25":{"start":{"line":94,"column":8},"end":{"line":94,"column":74}},"26":{"start":{"line":96,"column":6},"end":{"line":96,"column":41}},"27":{"start":{"line":98,"column":6},"end":{"line":98,"column":85}},"28":{"start":{"line":103,"column":19},"end":{"line":103,"column":29}},"29":{"start":{"line":104,"column":4},"end":{"line":112,"column":5}},"30":{"start":{"line":105,"column":20},"end":{"line":105,"column":53}},"31":{"start":{"line":106,"column":6},"end":{"line":108,"column":7}},"32":{"start":{"line":107,"column":8},"end":{"line":107,"column":74}},"33":{"start":{"line":109,"column":6},"end":{"line":109,"column":33}},"34":{"start":{"line":111,"column":6},"end":{"line":111,"column":85}}},"fnMap":{"0":{"name":"(anonymous_0)","decl":{"start":{"line":4,"column":2},"end":{"line":4,"column":3}},"loc":{"start":{"line":4,"column":38},"end":{"line":14,"column":3}},"line":4},"1":{"name":"(anonymous_1)","decl":{"start":{"line":16,"column":2},"end":{"line":16,"column":3}},"loc":{"start":{"line":16,"column":38},"end":{"line":32,"column":3}},"line":16},"2":{"name":"(anonymous_2)","decl":{"start":{"line":34,"column":2},"end":{"line":34,"column":3}},"loc":{"start":{"line":34,"column":37},"end":{"line":68,"column":3}},"line":34},"3":{"name":"(anonymous_3)","decl":{"start":{"line":70,"column":2},"end":{"line":70,"column":3}},"loc":{"start":{"line":70,"column":37},"end":{"line":100,"column":3}},"line":70},"4":{"name":"(anonymous_4)","decl":{"start":{"line":102,"column":2},"end":{"line":102,"column":3}},"loc":{"start":{"line":102,"column":37},"end":{"line":113,"column":3}},"line":102}},"branchMap":{"0":{"loc":{"start":{"line":20,"column":6},"end":{"line":22,"column":7}},"type":"if","locations":[{"start":{"line":20,"column":6},"end":{"line":22,"column":7}},{"start":{},"end":{}}],"line":20},"1":{"loc":{"start":{"line":39,"column":4},"end":{"line":50,"column":5}},"type":"if","locations":[{"start":{"line":39,"column":4},"end":{"line":50,"column":5}},{"start":{},"end":{}}],"line":39},"2":{"loc":{"start":{"line":40,"column":6},"end":{"line":45,"column":15}},"type":"binary-expr","locations":[{"start":{"line":40,"column":6},"end":{"line":40,"column":11}},{"start":{"line":41,"column":6},"end":{"line":41,"column":19}},{"start":{"line":42,"column":6},"end":{"line":42,"column":15}},{"start":{"line":43,"column":6},"end":{"line":43,"column":12}},{"start":{"line":44,"column":6},"end":{"line":44,"column":12}},{"start":{"line":45,"column":6},"end":{"line":45,"column":15}}],"line":40},"3":{"loc":{"start":{"line":76,"column":4},"end":{"line":85,"column":5}},"type":"if","locations":[{"start":{"line":76,"column":4},"end":{"line":85,"column":5}},{"start":{},"end":{}}],"line":76},"4":{"loc":{"start":{"line":77,"column":6},"end":{"line":82,"column":15}},"type":"binary-expr","locations":[{"start":{"line":77,"column":6},"end":{"line":77,"column":11}},{"start":{"line":78,"column":6},"end":{"line":78,"column":19}},{"start":{"line":79,"column":6},"end":{"line":79,"column":15}},{"start":{"line":80,"column":6},"end":{"line":80,"column":12}},{"start":{"line":81,"column":6},"end":{"line":81,"column":12}},{"start":{"line":82,"column":6},"end":{"line":82,"column":15}}],"line":77},"5":{"loc":{"start":{"line":93,"column":6},"end":{"line":95,"column":7}},"type":"if","locations":[{"start":{"line":93,"column":6},"end":{"line":95,"column":7}},{"start":{},"end":{}}],"line":93},"6":{"loc":{"start":{"line":106,"column":6},"end":{"line":108,"column":7}},"type":"if","locations":[{"start":{"line":106,"column":6},"end":{"line":108,"column":7}},{"start":{},"end":{}}],"line":106}},"s":{"0":0,"1":0,"2":0,"3":0,"4":0,"5":0,"6":0,"7":0,"8":0,"9":0,"10":0,"11":0,"12":0,"13":0,"14":0,"15":0,"16":0,"17":0,"18":0,"19":0,"20":0,"21":0,"22":0,"23":0,"24":0,"25":0,"26":0,"27":0,"28":0,"29":0,"30":0,"31":0,"32":0,"33":0,"34":0},"f":{"0":0,"1":0,"2":0,"3":0,"4":0},"b":{"0":[0,0],"1":[0,0],"2":[0,0,0,0,0,0],"3":[0,0],"4":[0,0,0,0,0,0],"5":[0,0],"6":[0,0]},"_coverageSchema":"1a1c01bbd47fc00a2c39e90264f33305004495a9","hash":"b9e1563f726140205fa16fd43fc78c9a0dbd92f4"}
,"C:\\Users\\dell\\Documents\\OneDrive - BYU-Idaho\\CSE341\\Final Project\\City-SSPS-API\\src\\controller\\SecurityController.js": {"path":"C:\\Users\\dell\\Documents\\OneDrive - BYU-Idaho\\CSE341\\Final Project\\City-SSPS-API\\src\\controller\\SecurityController.js","statementMap":{"0":{"start":{"line":5,"column":4},"end":{"line":13,"column":5}},"1":{"start":{"line":6,"column":25},"end":{"line":6,"column":46}},"2":{"start":{"line":7,"column":6},"end":{"line":7,"column":46}},"3":{"start":{"line":9,"column":6},"end":{"line":12,"column":9}},"4":{"start":{"line":17,"column":19},"end":{"line":17,"column":29}},"5":{"start":{"line":18,"column":4},"end":{"line":29,"column":5}},"6":{"start":{"line":19,"column":23},"end":{"line":19,"column":50}},"7":{"start":{"line":20,"column":6},"end":{"line":22,"column":7}},"8":{"start":{"line":21,"column":8},"end":{"line":21,"column":75}},"9":{"start":{"line":23,"column":6},"end":{"line":23,"column":44}},"10":{"start":{"line":25,"column":6},"end":{"line":28,"column":9}},"11":{"start":{"line":34,"column":6},"end":{"line":34,"column":14}},"12":{"start":{"line":37,"column":4},"end":{"line":46,"column":5}},"13":{"start":{"line":45,"column":6},"end":{"line":45,"column":75}},"14":{"start":{"line":48,"column":4},"end":{"line":64,"column":5}},"15":{"start":{"line":49,"column":23},"end":{"line":56,"column":8}},"16":{"start":{"line":58,"column":6},"end":{"line":58,"column":44}},"17":{"start":{"line":60,"column":6},"end":{"line":63,"column":9}},"18":{"start":{"line":68,"column":19},"end":{"line":68,"column":29}},"19":{"start":{"line":70,"column":6},"end":{"line":70,"column":14}},"20":{"start":{"line":73,"column":4},"end":{"line":82,"column":5}},"21":{"start":{"line":81,"column":6},"end":{"line":81,"column":73}},"22":{"start":{"line":84,"column":4},"end":{"line":96,"column":5}},"23":{"start":{"line":85,"column":23},"end":{"line":89,"column":7}},"24":{"start":{"line":90,"column":6},"end":{"line":92,"column":7}},"25":{"start":{"line":91,"column":8},"end":{"line":91,"column":77}},"26":{"start":{"line":93,"column":6},"end":{"line":93,"column":44}},"27":{"start":{"line":95,"column":6},"end":{"line":95,"column":85}},"28":{"start":{"line":100,"column":19},"end":{"line":100,"column":29}},"29":{"start":{"line":101,"column":4},"end":{"line":112,"column":5}},"30":{"start":{"line":102,"column":23},"end":{"line":102,"column":59}},"31":{"start":{"line":103,"column":6},"end":{"line":105,"column":7}},"32":{"start":{"line":104,"column":8},"end":{"line":104,"column":77}},"33":{"start":{"line":106,"column":6},"end":{"line":106,"column":33}},"34":{"start":{"line":108,"column":6},"end":{"line":111,"column":9}}},"fnMap":{"0":{"name":"(anonymous_0)","decl":{"start":{"line":4,"column":2},"end":{"line":4,"column":3}},"loc":{"start":{"line":4,"column":40},"end":{"line":14,"column":3}},"line":4},"1":{"name":"(anonymous_1)","decl":{"start":{"line":16,"column":2},"end":{"line":16,"column":3}},"loc":{"start":{"line":16,"column":41},"end":{"line":30,"column":3}},"line":16},"2":{"name":"(anonymous_2)","decl":{"start":{"line":32,"column":2},"end":{"line":32,"column":3}},"loc":{"start":{"line":32,"column":40},"end":{"line":65,"column":3}},"line":32},"3":{"name":"(anonymous_3)","decl":{"start":{"line":67,"column":2},"end":{"line":67,"column":3}},"loc":{"start":{"line":67,"column":40},"end":{"line":97,"column":3}},"line":67},"4":{"name":"(anonymous_4)","decl":{"start":{"line":99,"column":2},"end":{"line":99,"column":3}},"loc":{"start":{"line":99,"column":40},"end":{"line":113,"column":3}},"line":99}},"branchMap":{"0":{"loc":{"start":{"line":20,"column":6},"end":{"line":22,"column":7}},"type":"if","locations":[{"start":{"line":20,"column":6},"end":{"line":22,"column":7}},{"start":{},"end":{}}],"line":20},"1":{"loc":{"start":{"line":37,"column":4},"end":{"line":46,"column":5}},"type":"if","locations":[{"start":{"line":37,"column":4},"end":{"line":46,"column":5}},{"start":{},"end":{}}],"line":37},"2":{"loc":{"start":{"line":38,"column":6},"end":{"line":43,"column":15}},"type":"binary-expr","locations":[{"start":{"line":38,"column":6},"end":{"line":38,"column":11}},{"start":{"line":39,"column":6},"end":{"line":39,"column":19}},{"start":{"line":40,"column":6},"end":{"line":40,"column":15}},{"start":{"line":41,"column":6},"end":{"line":41,"column":12}},{"start":{"line":42,"column":6},"end":{"line":42,"column":12}},{"start":{"line":43,"column":6},"end":{"line":43,"column":15}}],"line":38},"3":{"loc":{"start":{"line":73,"column":4},"end":{"line":82,"column":5}},"type":"if","locations":[{"start":{"line":73,"column":4},"end":{"line":82,"column":5}},{"start":{},"end":{}}],"line":73},"4":{"loc":{"start":{"line":74,"column":6},"end":{"line":79,"column":15}},"type":"binary-expr","locations":[{"start":{"line":74,"column":6},"end":{"line":74,"column":11}},{"start":{"line":75,"column":6},"end":{"line":75,"column":19}},{"start":{"line":76,"column":6},"end":{"line":76,"column":15}},{"start":{"line":77,"column":6},"end":{"line":77,"column":12}},{"start":{"line":78,"column":6},"end":{"line":78,"column":12}},{"start":{"line":79,"column":6},"end":{"line":79,"column":15}}],"line":74},"5":{"loc":{"start":{"line":90,"column":6},"end":{"line":92,"column":7}},"type":"if","locations":[{"start":{"line":90,"column":6},"end":{"line":92,"column":7}},{"start":{},"end":{}}],"line":90},"6":{"loc":{"start":{"line":103,"column":6},"end":{"line":105,"column":7}},"type":"if","locations":[{"start":{"line":103,"column":6},"end":{"line":105,"column":7}},{"start":{},"end":{}}],"line":103}},"s":{"0":0,"1":0,"2":0,"3":0,"4":0,"5":0,"6":0,"7":0,"8":0,"9":0,"10":0,"11":0,"12":0,"13":0,"14":0,"15":0,"16":0,"17":0,"18":0,"19":0,"20":0,"21":0,"22":0,"23":0,"24":0,"25":0,"26":0,"27":0,"28":0,"29":0,"30":0,"31":0,"32":0,"33":0,"34":0},"f":{"0":0,"1":0,"2":0,"3":0,"4":0},"b":{"0":[0,0],"1":[0,0],"2":[0,0,0,0,0,0],"3":[0,0],"4":[0,0,0,0,0,0],"5":[0,0],"6":[0,0]},"_coverageSchema":"1a1c01bbd47fc00a2c39e90264f33305004495a9","hash":"e5eb4cb82d97141b38877b76aae1a8c990fe9348"}
,"C:\\Users\\dell\\Documents\\OneDrive - BYU-Idaho\\CSE341\\Final Project\\City-SSPS-API\\src\\controller\\SewerController.js": {"path":"C:\\Users\\dell\\Documents\\OneDrive - BYU-Idaho\\CSE341\\Final Project\\City-SSPS-API\\src\\controller\\SewerController.js","statementMap":{"0":{"start":{"line":5,"column":4},"end":{"line":13,"column":5}},"1":{"start":{"line":6,"column":21},"end":{"line":6,"column":39}},"2":{"start":{"line":7,"column":6},"end":{"line":7,"column":42}},"3":{"start":{"line":9,"column":6},"end":{"line":12,"column":9}},"4":{"start":{"line":17,"column":19},"end":{"line":17,"column":29}},"5":{"start":{"line":18,"column":4},"end":{"line":29,"column":5}},"6":{"start":{"line":19,"column":20},"end":{"line":19,"column":44}},"7":{"start":{"line":20,"column":6},"end":{"line":22,"column":7}},"8":{"start":{"line":21,"column":8},"end":{"line":21,"column":67}},"9":{"start":{"line":23,"column":6},"end":{"line":23,"column":41}},"10":{"start":{"line":25,"column":6},"end":{"line":28,"column":9}},"11":{"start":{"line":34,"column":6},"end":{"line":34,"column":14}},"12":{"start":{"line":37,"column":4},"end":{"line":46,"column":5}},"13":{"start":{"line":45,"column":6},"end":{"line":45,"column":73}},"14":{"start":{"line":48,"column":4},"end":{"line":65,"column":5}},"15":{"start":{"line":49,"column":20},"end":{"line":57,"column":8}},"16":{"start":{"line":59,"column":6},"end":{"line":59,"column":41}},"17":{"start":{"line":61,"column":6},"end":{"line":64,"column":9}},"18":{"start":{"line":69,"column":19},"end":{"line":69,"column":29}},"19":{"start":{"line":71,"column":6},"end":{"line":71,"column":14}},"20":{"start":{"line":74,"column":4},"end":{"line":83,"column":5}},"21":{"start":{"line":82,"column":6},"end":{"line":82,"column":73}},"22":{"start":{"line":85,"column":4},"end":{"line":100,"column":5}},"23":{"start":{"line":86,"column":20},"end":{"line":90,"column":7}},"24":{"start":{"line":91,"column":6},"end":{"line":93,"column":7}},"25":{"start":{"line":92,"column":8},"end":{"line":92,"column":67}},"26":{"start":{"line":94,"column":6},"end":{"line":94,"column":41}},"27":{"start":{"line":96,"column":6},"end":{"line":99,"column":9}},"28":{"start":{"line":104,"column":19},"end":{"line":104,"column":29}},"29":{"start":{"line":105,"column":4},"end":{"line":116,"column":5}},"30":{"start":{"line":106,"column":20},"end":{"line":106,"column":53}},"31":{"start":{"line":107,"column":6},"end":{"line":109,"column":7}},"32":{"start":{"line":108,"column":8},"end":{"line":108,"column":67}},"33":{"start":{"line":110,"column":6},"end":{"line":110,"column":33}},"34":{"start":{"line":112,"column":6},"end":{"line":115,"column":9}},"35":{"start":{"line":120,"column":0},"end":{"line":120,"column":33}}},"fnMap":{"0":{"name":"(anonymous_0)","decl":{"start":{"line":4,"column":2},"end":{"line":4,"column":3}},"loc":{"start":{"line":4,"column":38},"end":{"line":14,"column":3}},"line":4},"1":{"name":"(anonymous_1)","decl":{"start":{"line":16,"column":2},"end":{"line":16,"column":3}},"loc":{"start":{"line":16,"column":38},"end":{"line":30,"column":3}},"line":16},"2":{"name":"(anonymous_2)","decl":{"start":{"line":32,"column":2},"end":{"line":32,"column":3}},"loc":{"start":{"line":32,"column":37},"end":{"line":66,"column":3}},"line":32},"3":{"name":"(anonymous_3)","decl":{"start":{"line":68,"column":2},"end":{"line":68,"column":3}},"loc":{"start":{"line":68,"column":37},"end":{"line":101,"column":3}},"line":68},"4":{"name":"(anonymous_4)","decl":{"start":{"line":103,"column":2},"end":{"line":103,"column":3}},"loc":{"start":{"line":103,"column":37},"end":{"line":117,"column":3}},"line":103}},"branchMap":{"0":{"loc":{"start":{"line":20,"column":6},"end":{"line":22,"column":7}},"type":"if","locations":[{"start":{"line":20,"column":6},"end":{"line":22,"column":7}},{"start":{},"end":{}}],"line":20},"1":{"loc":{"start":{"line":37,"column":4},"end":{"line":46,"column":5}},"type":"if","locations":[{"start":{"line":37,"column":4},"end":{"line":46,"column":5}},{"start":{},"end":{}}],"line":37},"2":{"loc":{"start":{"line":38,"column":6},"end":{"line":43,"column":15}},"type":"binary-expr","locations":[{"start":{"line":38,"column":6},"end":{"line":38,"column":11}},{"start":{"line":39,"column":6},"end":{"line":39,"column":19}},{"start":{"line":40,"column":6},"end":{"line":40,"column":15}},{"start":{"line":41,"column":6},"end":{"line":41,"column":12}},{"start":{"line":42,"column":6},"end":{"line":42,"column":12}},{"start":{"line":43,"column":6},"end":{"line":43,"column":15}}],"line":38},"3":{"loc":{"start":{"line":74,"column":4},"end":{"line":83,"column":5}},"type":"if","locations":[{"start":{"line":74,"column":4},"end":{"line":83,"column":5}},{"start":{},"end":{}}],"line":74},"4":{"loc":{"start":{"line":75,"column":6},"end":{"line":80,"column":15}},"type":"binary-expr","locations":[{"start":{"line":75,"column":6},"end":{"line":75,"column":11}},{"start":{"line":76,"column":6},"end":{"line":76,"column":19}},{"start":{"line":77,"column":6},"end":{"line":77,"column":15}},{"start":{"line":78,"column":6},"end":{"line":78,"column":12}},{"start":{"line":79,"column":6},"end":{"line":79,"column":12}},{"start":{"line":80,"column":6},"end":{"line":80,"column":15}}],"line":75},"5":{"loc":{"start":{"line":91,"column":6},"end":{"line":93,"column":7}},"type":"if","locations":[{"start":{"line":91,"column":6},"end":{"line":93,"column":7}},{"start":{},"end":{}}],"line":91},"6":{"loc":{"start":{"line":107,"column":6},"end":{"line":109,"column":7}},"type":"if","locations":[{"start":{"line":107,"column":6},"end":{"line":109,"column":7}},{"start":{},"end":{}}],"line":107}},"s":{"0":0,"1":0,"2":0,"3":0,"4":0,"5":0,"6":0,"7":0,"8":0,"9":0,"10":0,"11":0,"12":0,"13":0,"14":0,"15":0,"16":0,"17":0,"18":0,"19":0,"20":0,"21":0,"22":0,"23":0,"24":0,"25":0,"26":0,"27":0,"28":0,"29":0,"30":0,"31":0,"32":0,"33":0,"34":0,"35":1},"f":{"0":0,"1":0,"2":0,"3":0,"4":0},"b":{"0":[0,0],"1":[0,0],"2":[0,0,0,0,0,0],"3":[0,0],"4":[0,0,0,0,0,0],"5":[0,0],"6":[0,0]},"_coverageSchema":"1a1c01bbd47fc00a2c39e90264f33305004495a9","hash":"7d9312853d3684986b410520efa9c35ed65b21b4"}
,"C:\\Users\\dell\\Documents\\OneDrive - BYU-Idaho\\CSE341\\Final Project\\City-SSPS-API\\src\\controller\\StreetController.js": {"path":"C:\\Users\\dell\\Documents\\OneDrive - BYU-Idaho\\CSE341\\Final Project\\City-SSPS-API\\src\\controller\\StreetController.js","statementMap":{"0":{"start":{"line":4,"column":20},"end":{"line":4,"column":39}},"1":{"start":{"line":6,"column":4},"end":{"line":10,"column":5}},"2":{"start":{"line":7,"column":6},"end":{"line":9,"column":9}},"3":{"start":{"line":12,"column":4},"end":{"line":15,"column":7}},"4":{"start":{"line":19,"column":4},"end":{"line":39,"column":5}},"5":{"start":{"line":20,"column":21},"end":{"line":20,"column":31}},"6":{"start":{"line":22,"column":21},"end":{"line":22,"column":55}},"7":{"start":{"line":24,"column":6},"end":{"line":28,"column":7}},"8":{"start":{"line":25,"column":8},"end":{"line":27,"column":11}},"9":{"start":{"line":30,"column":6},"end":{"line":33,"column":9}},"10":{"start":{"line":35,"column":6},"end":{"line":38,"column":9}},"11":{"start":{"line":43,"column":4},"end":{"line":77,"column":5}},"12":{"start":{"line":44,"column":71},"end":{"line":44,"column":79}},"13":{"start":{"line":46,"column":6},"end":{"line":57,"column":7}},"14":{"start":{"line":54,"column":8},"end":{"line":56,"column":11}},"15":{"start":{"line":59,"column":23},"end":{"line":66,"column":8}},"16":{"start":{"line":68,"column":6},"end":{"line":71,"column":9}},"17":{"start":{"line":73,"column":6},"end":{"line":76,"column":9}},"18":{"start":{"line":80,"column":4},"end":{"line":108,"column":5}},"19":{"start":{"line":81,"column":21},"end":{"line":81,"column":31}},"20":{"start":{"line":82,"column":71},"end":{"line":82,"column":79}},"21":{"start":{"line":84,"column":23},"end":{"line":97,"column":7}},"22":{"start":{"line":99,"column":6},"end":{"line":102,"column":9}},"23":{"start":{"line":104,"column":6},"end":{"line":107,"column":9}},"24":{"start":{"line":112,"column":4},"end":{"line":126,"column":5}},"25":{"start":{"line":113,"column":21},"end":{"line":113,"column":31}},"26":{"start":{"line":115,"column":23},"end":{"line":115,"column":58}},"27":{"start":{"line":117,"column":6},"end":{"line":120,"column":9}},"28":{"start":{"line":122,"column":6},"end":{"line":125,"column":9}}},"fnMap":{"0":{"name":"(anonymous_0)","decl":{"start":{"line":3,"column":2},"end":{"line":3,"column":3}},"loc":{"start":{"line":3,"column":36},"end":{"line":16,"column":3}},"line":3},"1":{"name":"(anonymous_1)","decl":{"start":{"line":18,"column":2},"end":{"line":18,"column":3}},"loc":{"start":{"line":18,"column":35},"end":{"line":40,"column":3}},"line":18},"2":{"name":"(anonymous_2)","decl":{"start":{"line":42,"column":2},"end":{"line":42,"column":3}},"loc":{"start":{"line":42,"column":37},"end":{"line":78,"column":3}},"line":42},"3":{"name":"(anonymous_3)","decl":{"start":{"line":79,"column":2},"end":{"line":79,"column":3}},"loc":{"start":{"line":79,"column":39},"end":{"line":109,"column":3}},"line":79},"4":{"name":"(anonymous_4)","decl":{"start":{"line":111,"column":2},"end":{"line":111,"column":3}},"loc":{"start":{"line":111,"column":39},"end":{"line":127,"column":3}},"line":111}},"branchMap":{"0":{"loc":{"start":{"line":6,"column":4},"end":{"line":10,"column":5}},"type":"if","locations":[{"start":{"line":6,"column":4},"end":{"line":10,"column":5}},{"start":{},"end":{}}],"line":6},"1":{"loc":{"start":{"line":24,"column":6},"end":{"line":28,"column":7}},"type":"if","locations":[{"start":{"line":24,"column":6},"end":{"line":28,"column":7}},{"start":{},"end":{}}],"line":24},"2":{"loc":{"start":{"line":46,"column":6},"end":{"line":57,"column":7}},"type":"if","locations":[{"start":{"line":46,"column":6},"end":{"line":57,"column":7}},{"start":{},"end":{}}],"line":46},"3":{"loc":{"start":{"line":47,"column":8},"end":{"line":52,"column":17}},"type":"binary-expr","locations":[{"start":{"line":47,"column":8},"end":{"line":47,"column":13}},{"start":{"line":48,"column":8},"end":{"line":48,"column":21}},{"start":{"line":49,"column":8},"end":{"line":49,"column":17}},{"start":{"line":50,"column":8},"end":{"line":50,"column":14}},{"start":{"line":51,"column":8},"end":{"line":51,"column":14}},{"start":{"line":52,"column":8},"end":{"line":52,"column":17}}],"line":47}},"s":{"0":1,"1":1,"2":0,"3":1,"4":2,"5":2,"6":2,"7":1,"8":0,"9":1,"10":1,"11":2,"12":2,"13":2,"14":1,"15":2,"16":1,"17":1,"18":2,"19":2,"20":2,"21":2,"22":1,"23":1,"24":1,"25":1,"26":1,"27":1,"28":0},"f":{"0":1,"1":2,"2":2,"3":2,"4":1},"b":{"0":[0,1],"1":[0,1],"2":[1,1],"3":[2,1,1,1,1,1]},"_coverageSchema":"1a1c01bbd47fc00a2c39e90264f33305004495a9","hash":"e86f7937b097571d2ae319f7dea120b095cbca6b"}
,"C:\\Users\\dell\\Documents\\OneDrive - BYU-Idaho\\CSE341\\Final Project\\City-SSPS-API\\src\\db\\mongoos.js": {"path":"C:\\Users\\dell\\Documents\\OneDrive - BYU-Idaho\\CSE341\\Final Project\\City-SSPS-API\\src\\db\\mongoos.js","statementMap":{"0":{"start":{"line":4,"column":0},"end":{"line":4,"column":74}},"1":{"start":{"line":8,"column":2},"end":{"line":17,"column":7}},"2":{"start":{"line":11,"column":6},"end":{"line":11,"column":56}},"3":{"start":{"line":14,"column":6},"end":{"line":14,"column":64}},"4":{"start":{"line":15,"column":6},"end":{"line":15,"column":27}},"5":{"start":{"line":16,"column":6},"end":{"line":16,"column":22}}},"fnMap":{"0":{"name":"connect","decl":{"start":{"line":6,"column":9},"end":{"line":6,"column":16}},"loc":{"start":{"line":6,"column":19},"end":{"line":18,"column":1}},"line":6},"1":{"name":"(anonymous_1)","decl":{"start":{"line":10,"column":10},"end":{"line":10,"column":11}},"loc":{"start":{"line":10,"column":16},"end":{"line":12,"column":5}},"line":10},"2":{"name":"(anonymous_2)","decl":{"start":{"line":13,"column":11},"end":{"line":13,"column":12}},"loc":{"start":{"line":13,"column":22},"end":{"line":17,"column":5}},"line":13}},"branchMap":{},"s":{"0":1,"1":1,"2":1,"3":0,"4":0,"5":0},"f":{"0":1,"1":1,"2":0},"b":{},"_coverageSchema":"1a1c01bbd47fc00a2c39e90264f33305004495a9","hash":"802cfa8a52104635e89790ba9316214e36d0c951"}
,"C:\\Users\\dell\\Documents\\OneDrive - BYU-Idaho\\CSE341\\Final Project\\City-SSPS-API\\src\\middleware\\auth.js": {"path":"C:\\Users\\dell\\Documents\\OneDrive - BYU-Idaho\\CSE341\\Final Project\\City-SSPS-API\\src\\middleware\\auth.js","statementMap":{"0":{"start":{"line":3,"column":31},"end":{"line":11,"column":1}},"1":{"start":{"line":4,"column":2},"end":{"line":7,"column":3}},"2":{"start":{"line":6,"column":4},"end":{"line":6,"column":18}},"3":{"start":{"line":10,"column":2},"end":{"line":10,"column":52}}},"fnMap":{"0":{"name":"(anonymous_0)","decl":{"start":{"line":3,"column":31},"end":{"line":3,"column":32}},"loc":{"start":{"line":3,"column":51},"end":{"line":11,"column":1}},"line":3}},"branchMap":{"0":{"loc":{"start":{"line":4,"column":2},"end":{"line":7,"column":3}},"type":"if","locations":[{"start":{"line":4,"column":2},"end":{"line":7,"column":3}},{"start":{},"end":{}}],"line":4}},"s":{"0":1,"1":1,"2":0,"3":1},"f":{"0":1},"b":{"0":[0,1]},"_coverageSchema":"1a1c01bbd47fc00a2c39e90264f33305004495a9","hash":"db0ef9b6d464cf66a0f2ce3134ae8dca52008d54"}
}
