{"C:\\Users\\Lenovo\\Desktop\\Dev\\City-SSPS-API\\src\\Models\\Power.js": {"path":"C:\\Users\\Lenovo\\Desktop\\Dev\\City-SSPS-API\\src\\Models\\Power.js","statementMap":{"0":{"start":{"line":3,"column":20},"end":{"line":33,"column":2}}},"fnMap":{},"branchMap":{},"s":{"0":1},"f":{},"b":{},"_coverageSchema":"1a1c01bbd47fc00a2c39e90264f33305004495a9","hash":"5fad7385505beb180222242928bf2b863225238b"}
,"C:\\Users\\Lenovo\\Desktop\\Dev\\City-SSPS-API\\src\\Models\\Security.js": {"path":"C:\\Users\\Lenovo\\Desktop\\Dev\\City-SSPS-API\\src\\Models\\Security.js","statementMap":{"0":{"start":{"line":3,"column":23},"end":{"line":33,"column":2}}},"fnMap":{},"branchMap":{},"s":{"0":1},"f":{},"b":{},"_coverageSchema":"1a1c01bbd47fc00a2c39e90264f33305004495a9","hash":"79f4cd743518c7f206d4f35e36144920ad12a365"}
,"C:\\Users\\Lenovo\\Desktop\\Dev\\City-SSPS-API\\src\\Models\\Sewer.js": {"path":"C:\\Users\\Lenovo\\Desktop\\Dev\\City-SSPS-API\\src\\Models\\Sewer.js","statementMap":{"0":{"start":{"line":3,"column":20},"end":{"line":33,"column":2}}},"fnMap":{},"branchMap":{},"s":{"0":1},"f":{},"b":{},"_coverageSchema":"1a1c01bbd47fc00a2c39e90264f33305004495a9","hash":"4f9c1eabd8ec7409099f8df498e04160942f7363"}
,"C:\\Users\\Lenovo\\Desktop\\Dev\\City-SSPS-API\\src\\Models\\Street.js": {"path":"C:\\Users\\Lenovo\\Desktop\\Dev\\City-SSPS-API\\src\\Models\\Street.js","statementMap":{"0":{"start":{"line":3,"column":21},"end":{"line":34,"column":2}}},"fnMap":{},"branchMap":{},"s":{"0":1},"f":{},"b":{},"_coverageSchema":"1a1c01bbd47fc00a2c39e90264f33305004495a9","hash":"ae9de7813697fe50352ecca7ee77fb387d25dffa"}
,"C:\\Users\\Lenovo\\Desktop\\Dev\\City-SSPS-API\\src\\Routes\\app.js": {"path":"C:\\Users\\Lenovo\\Desktop\\Dev\\City-SSPS-API\\src\\Routes\\app.js","statementMap":{"0":{"start":{"line":10,"column":0},"end":{"line":10,"column":10}},"1":{"start":{"line":11,"column":12},"end":{"line":11,"column":21}},"2":{"start":{"line":13,"column":0},"end":{"line":18,"column":4}},"3":{"start":{"line":20,"column":0},"end":{"line":20,"column":27}},"4":{"start":{"line":25,"column":0},"end":{"line":25,"column":16}},"5":{"start":{"line":26,"column":0},"end":{"line":26,"column":24}},"6":{"start":{"line":28,"column":0},"end":{"line":28,"column":34}},"7":{"start":{"line":29,"column":0},"end":{"line":29,"column":31}},"8":{"start":{"line":32,"column":0},"end":{"line":43,"column":3}},"9":{"start":{"line":33,"column":2},"end":{"line":33,"column":49}},"10":{"start":{"line":34,"column":2},"end":{"line":37,"column":4}},"11":{"start":{"line":38,"column":2},"end":{"line":41,"column":4}},"12":{"start":{"line":42,"column":2},"end":{"line":42,"column":9}},"13":{"start":{"line":47,"column":0},"end":{"line":47,"column":15}},"14":{"start":{"line":50,"column":0},"end":{"line":57,"column":3}},"15":{"start":{"line":52,"column":2},"end":{"line":52,"column":41}},"16":{"start":{"line":53,"column":2},"end":{"line":53,"column":55}},"17":{"start":{"line":54,"column":2},"end":{"line":56,"column":5}}},"fnMap":{"0":{"name":"(anonymous_0)","decl":{"start":{"line":32,"column":8},"end":{"line":32,"column":9}},"loc":{"start":{"line":32,"column":34},"end":{"line":43,"column":1}},"line":32},"1":{"name":"(anonymous_1)","decl":{"start":{"line":50,"column":8},"end":{"line":50,"column":9}},"loc":{"start":{"line":50,"column":33},"end":{"line":57,"column":1}},"line":50}},"branchMap":{"0":{"loc":{"start":{"line":52,"column":19},"end":{"line":52,"column":40}},"type":"binary-expr","locations":[{"start":{"line":52,"column":19},"end":{"line":52,"column":33}},{"start":{"line":52,"column":37},"end":{"line":52,"column":40}}],"line":52},"1":{"loc":{"start":{"line":53,"column":16},"end":{"line":53,"column":54}},"type":"binary-expr","locations":[{"start":{"line":53,"column":16},"end":{"line":53,"column":27}},{"start":{"line":53,"column":31},"end":{"line":53,"column":54}}],"line":53}},"s":{"0":1,"1":1,"2":1,"3":1,"4":1,"5":1,"6":1,"7":1,"8":1,"9":9,"10":9,"11":9,"12":9,"13":1,"14":1,"15":0,"16":0,"17":0},"f":{"0":9,"1":0},"b":{"0":[0,0],"1":[0,0]},"_coverageSchema":"1a1c01bbd47fc00a2c39e90264f33305004495a9","hash":"adfdd06ea45f0aabdf71439357e059a4312f0097"}
,"C:\\Users\\Lenovo\\Desktop\\Dev\\City-SSPS-API\\src\\Routes\\swaggerRoute.js": {"path":"C:\\Users\\Lenovo\\Desktop\\Dev\\City-SSPS-API\\src\\Routes\\swaggerRoute.js","statementMap":{"0":{"start":{"line":4,"column":22},"end":{"line":4,"column":30}},"1":{"start":{"line":5,"column":0},"end":{"line":5,"column":38}},"2":{"start":{"line":6,"column":0},"end":{"line":6,"column":55}}},"fnMap":{},"branchMap":{},"s":{"0":1,"1":1,"2":1},"f":{},"b":{},"_coverageSchema":"1a1c01bbd47fc00a2c39e90264f33305004495a9","hash":"da12f08ccc3ea37c5bbb67309c981de6d30b1e30"}
,"C:\\Users\\Lenovo\\Desktop\\Dev\\City-SSPS-API\\src\\Routes\\api-v1\\routes.js": {"path":"C:\\Users\\Lenovo\\Desktop\\Dev\\City-SSPS-API\\src\\Routes\\api-v1\\routes.js","statementMap":{"0":{"start":{"line":11,"column":14},"end":{"line":11,"column":22}},"1":{"start":{"line":13,"column":0},"end":{"line":13,"column":41}},"2":{"start":{"line":14,"column":0},"end":{"line":14,"column":39}},"3":{"start":{"line":15,"column":0},"end":{"line":15,"column":39}},"4":{"start":{"line":16,"column":0},"end":{"line":16,"column":45}},"5":{"start":{"line":17,"column":0},"end":{"line":17,"column":31}},"6":{"start":{"line":18,"column":0},"end":{"line":18,"column":27}},"7":{"start":{"line":19,"column":0},"end":{"line":19,"column":30}},"8":{"start":{"line":20,"column":0},"end":{"line":20,"column":47}}},"fnMap":{},"branchMap":{},"s":{"0":1,"1":1,"2":1,"3":1,"4":1,"5":1,"6":1,"7":1,"8":1},"f":{},"b":{},"_coverageSchema":"1a1c01bbd47fc00a2c39e90264f33305004495a9","hash":"75f7d4fb8630b7f409e06f4a344d1500293fc343"}
,"C:\\Users\\Lenovo\\Desktop\\Dev\\City-SSPS-API\\src\\Routes\\api-v1\\Neighborhood\\neighborhoodRoute.js": {"path":"C:\\Users\\Lenovo\\Desktop\\Dev\\City-SSPS-API\\src\\Routes\\api-v1\\Neighborhood\\neighborhoodRoute.js","statementMap":{"0":{"start":{"line":3,"column":27},"end":{"line":3,"column":35}},"1":{"start":{"line":5,"column":0},"end":{"line":8,"column":2}}},"fnMap":{},"branchMap":{},"s":{"0":1,"1":1},"f":{},"b":{},"_coverageSchema":"1a1c01bbd47fc00a2c39e90264f33305004495a9","hash":"51dca9c7abc5392c0ba7b4159b6dc06904bf4966"}
,"C:\\Users\\Lenovo\\Desktop\\Dev\\City-SSPS-API\\src\\Routes\\api-v1\\Oauth\\oauthRoute.js": {"path":"C:\\Users\\Lenovo\\Desktop\\Dev\\City-SSPS-API\\src\\Routes\\api-v1\\Oauth\\oauthRoute.js","statementMap":{"0":{"start":{"line":5,"column":19},"end":{"line":5,"column":35}},"1":{"start":{"line":8,"column":4},"end":{"line":8,"column":44}},"2":{"start":{"line":11,"column":0},"end":{"line":21,"column":5}},"3":{"start":{"line":12,"column":4},"end":{"line":15,"column":5}},"4":{"start":{"line":14,"column":6},"end":{"line":14,"column":45}},"5":{"start":{"line":18,"column":4},"end":{"line":20,"column":23}},"6":{"start":{"line":23,"column":0},"end":{"line":29,"column":2}},"7":{"start":{"line":31,"column":0},"end":{"line":34,"column":3}},"8":{"start":{"line":32,"column":15},"end":{"line":32,"column":35}},"9":{"start":{"line":33,"column":4},"end":{"line":33,"column":37}},"10":{"start":{"line":36,"column":0},"end":{"line":39,"column":5}},"11":{"start":{"line":37,"column":4},"end":{"line":37,"column":46}},"12":{"start":{"line":38,"column":4},"end":{"line":38,"column":37}},"13":{"start":{"line":41,"column":0},"end":{"line":49,"column":5}},"14":{"start":{"line":42,"column":4},"end":{"line":48,"column":7}},"15":{"start":{"line":43,"column":6},"end":{"line":45,"column":7}},"16":{"start":{"line":44,"column":8},"end":{"line":44,"column":56}},"17":{"start":{"line":46,"column":6},"end":{"line":46,"column":37}},"18":{"start":{"line":47,"column":6},"end":{"line":47,"column":24}}},"fnMap":{"0":{"name":"isLoggedIn","decl":{"start":{"line":7,"column":9},"end":{"line":7,"column":19}},"loc":{"start":{"line":7,"column":36},"end":{"line":9,"column":1}},"line":7},"1":{"name":"(anonymous_1)","decl":{"start":{"line":11,"column":30},"end":{"line":11,"column":31}},"loc":{"start":{"line":11,"column":50},"end":{"line":21,"column":3}},"line":11},"2":{"name":"(anonymous_2)","decl":{"start":{"line":31,"column":41},"end":{"line":31,"column":42}},"loc":{"start":{"line":31,"column":55},"end":{"line":34,"column":1}},"line":31},"3":{"name":"(anonymous_3)","decl":{"start":{"line":36,"column":32},"end":{"line":36,"column":33}},"loc":{"start":{"line":36,"column":46},"end":{"line":39,"column":3}},"line":36},"4":{"name":"(anonymous_4)","decl":{"start":{"line":41,"column":31},"end":{"line":41,"column":32}},"loc":{"start":{"line":41,"column":45},"end":{"line":49,"column":3}},"line":41},"5":{"name":"(anonymous_5)","decl":{"start":{"line":42,"column":24},"end":{"line":42,"column":25}},"loc":{"start":{"line":42,"column":33},"end":{"line":48,"column":5}},"line":42}},"branchMap":{"0":{"loc":{"start":{"line":8,"column":4},"end":{"line":8,"column":43}},"type":"cond-expr","locations":[{"start":{"line":8,"column":15},"end":{"line":8,"column":21}},{"start":{"line":8,"column":24},"end":{"line":8,"column":43}}],"line":8},"1":{"loc":{"start":{"line":12,"column":4},"end":{"line":15,"column":5}},"type":"if","locations":[{"start":{"line":12,"column":4},"end":{"line":15,"column":5}},{"start":{},"end":{}}],"line":12},"2":{"loc":{"start":{"line":43,"column":6},"end":{"line":45,"column":7}},"type":"if","locations":[{"start":{"line":43,"column":6},"end":{"line":45,"column":7}},{"start":{},"end":{}}],"line":43}},"s":{"0":1,"1":0,"2":1,"3":0,"4":0,"5":0,"6":1,"7":1,"8":0,"9":0,"10":1,"11":0,"12":0,"13":1,"14":0,"15":0,"16":0,"17":0,"18":0},"f":{"0":0,"1":0,"2":0,"3":0,"4":0,"5":0},"b":{"0":[0,0],"1":[0,0],"2":[0,0]},"_coverageSchema":"1a1c01bbd47fc00a2c39e90264f33305004495a9","hash":"1efdcef3cc5f099bef081127320cac914c4fa7fa"}
,"C:\\Users\\Lenovo\\Desktop\\Dev\\City-SSPS-API\\src\\Routes\\api-v1\\power\\Power.js": {"path":"C:\\Users\\Lenovo\\Desktop\\Dev\\City-SSPS-API\\src\\Routes\\api-v1\\power\\Power.js","statementMap":{"0":{"start":{"line":4,"column":15},"end":{"line":4,"column":31}},"1":{"start":{"line":7,"column":0},"end":{"line":7,"column":46}},"2":{"start":{"line":10,"column":0},"end":{"line":10,"column":48}},"3":{"start":{"line":13,"column":0},"end":{"line":13,"column":46}},"4":{"start":{"line":16,"column":0},"end":{"line":16,"column":49}},"5":{"start":{"line":19,"column":0},"end":{"line":19,"column":51}}},"fnMap":{},"branchMap":{},"s":{"0":1,"1":1,"2":1,"3":1,"4":1,"5":1},"f":{},"b":{},"_coverageSchema":"1a1c01bbd47fc00a2c39e90264f33305004495a9","hash":"1c3947ded8820c5cad7ea18dbe6b0a0bc25c3159"}
,"C:\\Users\\Lenovo\\Desktop\\Dev\\City-SSPS-API\\src\\Routes\\api-v1\\sewer\\Sewer.js": {"path":"C:\\Users\\Lenovo\\Desktop\\Dev\\City-SSPS-API\\src\\Routes\\api-v1\\sewer\\Sewer.js","statementMap":{"0":{"start":{"line":4,"column":15},"end":{"line":4,"column":31}},"1":{"start":{"line":7,"column":0},"end":{"line":7,"column":46}},"2":{"start":{"line":10,"column":0},"end":{"line":10,"column":48}},"3":{"start":{"line":13,"column":0},"end":{"line":13,"column":46}},"4":{"start":{"line":16,"column":0},"end":{"line":16,"column":49}},"5":{"start":{"line":19,"column":0},"end":{"line":19,"column":51}}},"fnMap":{},"branchMap":{},"s":{"0":1,"1":1,"2":1,"3":1,"4":1,"5":1},"f":{},"b":{},"_coverageSchema":"1a1c01bbd47fc00a2c39e90264f33305004495a9","hash":"94b98390edc92fe5b6754a9ac2d178dea28eb5cb"}
,"C:\\Users\\Lenovo\\Desktop\\Dev\\City-SSPS-API\\src\\Routes\\api-v1\\street\\Street.js": {"path":"C:\\Users\\Lenovo\\Desktop\\Dev\\City-SSPS-API\\src\\Routes\\api-v1\\street\\Street.js","statementMap":{"0":{"start":{"line":3,"column":21},"end":{"line":3,"column":29}},"1":{"start":{"line":5,"column":0},"end":{"line":5,"column":51}},"2":{"start":{"line":6,"column":0},"end":{"line":6,"column":53}},"3":{"start":{"line":7,"column":0},"end":{"line":7,"column":53}},"4":{"start":{"line":8,"column":0},"end":{"line":8,"column":57}},"5":{"start":{"line":9,"column":0},"end":{"line":9,"column":60}}},"fnMap":{},"branchMap":{},"s":{"0":1,"1":1,"2":1,"3":1,"4":1,"5":1},"f":{},"b":{},"_coverageSchema":"1a1c01bbd47fc00a2c39e90264f33305004495a9","hash":"adb840a62b89d29f1753607297c46459a1d9ff9c"}
,"C:\\Users\\Lenovo\\Desktop\\Dev\\City-SSPS-API\\src\\auth\\auth.js": {"path":"C:\\Users\\Lenovo\\Desktop\\Dev\\City-SSPS-API\\src\\auth\\auth.js","statementMap":{"0":{"start":{"line":4,"column":0},"end":{"line":4,"column":16}},"1":{"start":{"line":6,"column":0},"end":{"line":18,"column":2}},"2":{"start":{"line":15,"column":6},"end":{"line":15,"column":53}},"3":{"start":{"line":20,"column":0},"end":{"line":22,"column":3}},"4":{"start":{"line":21,"column":2},"end":{"line":21,"column":19}},"5":{"start":{"line":24,"column":0},"end":{"line":26,"column":3}},"6":{"start":{"line":25,"column":2},"end":{"line":25,"column":19}}},"fnMap":{"0":{"name":"(anonymous_0)","decl":{"start":{"line":14,"column":4},"end":{"line":14,"column":5}},"loc":{"start":{"line":14,"column":66},"end":{"line":16,"column":5}},"line":14},"1":{"name":"(anonymous_1)","decl":{"start":{"line":20,"column":23},"end":{"line":20,"column":24}},"loc":{"start":{"line":20,"column":39},"end":{"line":22,"column":1}},"line":20},"2":{"name":"(anonymous_2)","decl":{"start":{"line":24,"column":25},"end":{"line":24,"column":26}},"loc":{"start":{"line":24,"column":41},"end":{"line":26,"column":1}},"line":24}},"branchMap":{},"s":{"0":1,"1":1,"2":0,"3":1,"4":0,"5":1,"6":0},"f":{"0":0,"1":0,"2":0},"b":{},"_coverageSchema":"1a1c01bbd47fc00a2c39e90264f33305004495a9","hash":"418aa94c24dbab0ab9fc1363d6a471d10566a29e"}
,"C:\\Users\\Lenovo\\Desktop\\Dev\\City-SSPS-API\\src\\controller\\NeighborhoodController.js": {"path":"C:\\Users\\Lenovo\\Desktop\\Dev\\City-SSPS-API\\src\\controller\\NeighborhoodController.js","statementMap":{"0":{"start":{"line":9,"column":34},"end":{"line":9,"column":44}},"1":{"start":{"line":10,"column":6},"end":{"line":22,"column":7}},"2":{"start":{"line":11,"column":23},"end":{"line":11,"column":76}},"3":{"start":{"line":12,"column":25},"end":{"line":12,"column":81}},"4":{"start":{"line":13,"column":23},"end":{"line":13,"column":77}},"5":{"start":{"line":14,"column":22},"end":{"line":14,"column":75}},"6":{"start":{"line":15,"column":27},"end":{"line":15,"column":62}},"7":{"start":{"line":16,"column":8},"end":{"line":16,"column":50}},"8":{"start":{"line":18,"column":8},"end":{"line":21,"column":11}}},"fnMap":{"0":{"name":"(anonymous_0)","decl":{"start":{"line":8,"column":4},"end":{"line":8,"column":5}},"loc":{"start":{"line":8,"column":47},"end":{"line":23,"column":5}},"line":8}},"branchMap":{},"s":{"0":0,"1":0,"2":0,"3":0,"4":0,"5":0,"6":0,"7":0,"8":0},"f":{"0":0},"b":{},"_coverageSchema":"1a1c01bbd47fc00a2c39e90264f33305004495a9","hash":"4ef2735bae6537ac7bccda3635f37f779873c971"}
,"C:\\Users\\Lenovo\\Desktop\\Dev\\City-SSPS-API\\src\\controller\\PowerController.js": {"path":"C:\\Users\\Lenovo\\Desktop\\Dev\\City-SSPS-API\\src\\controller\\PowerController.js","statementMap":{"0":{"start":{"line":5,"column":4},"end":{"line":13,"column":5}},"1":{"start":{"line":6,"column":21},"end":{"line":6,"column":39}},"2":{"start":{"line":7,"column":6},"end":{"line":7,"column":42}},"3":{"start":{"line":9,"column":6},"end":{"line":12,"column":9}},"4":{"start":{"line":17,"column":19},"end":{"line":17,"column":29}},"5":{"start":{"line":18,"column":4},"end":{"line":31,"column":5}},"6":{"start":{"line":19,"column":20},"end":{"line":19,"column":44}},"7":{"start":{"line":20,"column":6},"end":{"line":22,"column":7}},"8":{"start":{"line":21,"column":8},"end":{"line":21,"column":72}},"9":{"start":{"line":23,"column":6},"end":{"line":26,"column":9}},"10":{"start":{"line":28,"column":6},"end":{"line":30,"column":63}},"11":{"start":{"line":36,"column":6},"end":{"line":36,"column":14}},"12":{"start":{"line":39,"column":4},"end":{"line":51,"column":5}},"13":{"start":{"line":48,"column":6},"end":{"line":50,"column":61}},"14":{"start":{"line":53,"column":4},"end":{"line":69,"column":5}},"15":{"start":{"line":54,"column":20},"end":{"line":62,"column":8}},"16":{"start":{"line":63,"column":6},"end":{"line":63,"column":41}},"17":{"start":{"line":65,"column":6},"end":{"line":68,"column":9}},"18":{"start":{"line":73,"column":19},"end":{"line":73,"column":29}},"19":{"start":{"line":75,"column":6},"end":{"line":75,"column":14}},"20":{"start":{"line":78,"column":4},"end":{"line":88,"column":5}},"21":{"start":{"line":87,"column":6},"end":{"line":87,"column":73}},"22":{"start":{"line":90,"column":4},"end":{"line":102,"column":5}},"23":{"start":{"line":91,"column":20},"end":{"line":95,"column":7}},"24":{"start":{"line":96,"column":6},"end":{"line":98,"column":7}},"25":{"start":{"line":97,"column":8},"end":{"line":97,"column":74}},"26":{"start":{"line":99,"column":6},"end":{"line":99,"column":41}},"27":{"start":{"line":101,"column":6},"end":{"line":101,"column":78}},"28":{"start":{"line":106,"column":19},"end":{"line":106,"column":29}},"29":{"start":{"line":107,"column":4},"end":{"line":115,"column":5}},"30":{"start":{"line":108,"column":20},"end":{"line":108,"column":53}},"31":{"start":{"line":109,"column":6},"end":{"line":111,"column":7}},"32":{"start":{"line":110,"column":8},"end":{"line":110,"column":74}},"33":{"start":{"line":112,"column":6},"end":{"line":112,"column":26}},"34":{"start":{"line":114,"column":6},"end":{"line":114,"column":78}}},"fnMap":{"0":{"name":"(anonymous_0)","decl":{"start":{"line":4,"column":2},"end":{"line":4,"column":3}},"loc":{"start":{"line":4,"column":38},"end":{"line":14,"column":3}},"line":4},"1":{"name":"(anonymous_1)","decl":{"start":{"line":16,"column":2},"end":{"line":16,"column":3}},"loc":{"start":{"line":16,"column":38},"end":{"line":32,"column":3}},"line":16},"2":{"name":"(anonymous_2)","decl":{"start":{"line":34,"column":2},"end":{"line":34,"column":3}},"loc":{"start":{"line":34,"column":37},"end":{"line":70,"column":3}},"line":34},"3":{"name":"(anonymous_3)","decl":{"start":{"line":72,"column":2},"end":{"line":72,"column":3}},"loc":{"start":{"line":72,"column":37},"end":{"line":103,"column":3}},"line":72},"4":{"name":"(anonymous_4)","decl":{"start":{"line":105,"column":2},"end":{"line":105,"column":3}},"loc":{"start":{"line":105,"column":37},"end":{"line":116,"column":3}},"line":105}},"branchMap":{"0":{"loc":{"start":{"line":20,"column":6},"end":{"line":22,"column":7}},"type":"if","locations":[{"start":{"line":20,"column":6},"end":{"line":22,"column":7}},{"start":{},"end":{}}],"line":20},"1":{"loc":{"start":{"line":39,"column":4},"end":{"line":51,"column":5}},"type":"if","locations":[{"start":{"line":39,"column":4},"end":{"line":51,"column":5}},{"start":{},"end":{}}],"line":39},"2":{"loc":{"start":{"line":40,"column":6},"end":{"line":46,"column":15}},"type":"binary-expr","locations":[{"start":{"line":40,"column":6},"end":{"line":40,"column":11}},{"start":{"line":41,"column":6},"end":{"line":41,"column":19}},{"start":{"line":42,"column":6},"end":{"line":42,"column":15}},{"start":{"line":43,"column":6},"end":{"line":43,"column":12}},{"start":{"line":44,"column":6},"end":{"line":44,"column":17}},{"start":{"line":45,"column":6},"end":{"line":45,"column":12}},{"start":{"line":46,"column":6},"end":{"line":46,"column":15}}],"line":40},"3":{"loc":{"start":{"line":78,"column":4},"end":{"line":88,"column":5}},"type":"if","locations":[{"start":{"line":78,"column":4},"end":{"line":88,"column":5}},{"start":{},"end":{}}],"line":78},"4":{"loc":{"start":{"line":79,"column":6},"end":{"line":85,"column":15}},"type":"binary-expr","locations":[{"start":{"line":79,"column":6},"end":{"line":79,"column":11}},{"start":{"line":80,"column":6},"end":{"line":80,"column":19}},{"start":{"line":81,"column":6},"end":{"line":81,"column":15}},{"start":{"line":82,"column":6},"end":{"line":82,"column":12}},{"start":{"line":83,"column":6},"end":{"line":83,"column":17}},{"start":{"line":84,"column":6},"end":{"line":84,"column":12}},{"start":{"line":85,"column":6},"end":{"line":85,"column":15}}],"line":79},"5":{"loc":{"start":{"line":96,"column":6},"end":{"line":98,"column":7}},"type":"if","locations":[{"start":{"line":96,"column":6},"end":{"line":98,"column":7}},{"start":{},"end":{}}],"line":96},"6":{"loc":{"start":{"line":109,"column":6},"end":{"line":111,"column":7}},"type":"if","locations":[{"start":{"line":109,"column":6},"end":{"line":111,"column":7}},{"start":{},"end":{}}],"line":109}},"s":{"0":0,"1":0,"2":0,"3":0,"4":0,"5":0,"6":0,"7":0,"8":0,"9":0,"10":0,"11":0,"12":0,"13":0,"14":0,"15":0,"16":0,"17":0,"18":0,"19":0,"20":0,"21":0,"22":0,"23":0,"24":0,"25":0,"26":0,"27":0,"28":0,"29":0,"30":0,"31":0,"32":0,"33":0,"34":0},"f":{"0":0,"1":0,"2":0,"3":0,"4":0},"b":{"0":[0,0],"1":[0,0],"2":[0,0,0,0,0,0,0],"3":[0,0],"4":[0,0,0,0,0,0,0],"5":[0,0],"6":[0,0]},"_coverageSchema":"1a1c01bbd47fc00a2c39e90264f33305004495a9","hash":"2f352df39c90edf30b64b65d7e9e82e57846ee3c"}
,"C:\\Users\\Lenovo\\Desktop\\Dev\\City-SSPS-API\\src\\controller\\SewerController.js": {"path":"C:\\Users\\Lenovo\\Desktop\\Dev\\City-SSPS-API\\src\\controller\\SewerController.js","statementMap":{"0":{"start":{"line":5,"column":4},"end":{"line":13,"column":5}},"1":{"start":{"line":6,"column":21},"end":{"line":6,"column":39}},"2":{"start":{"line":7,"column":6},"end":{"line":7,"column":42}},"3":{"start":{"line":9,"column":6},"end":{"line":12,"column":9}},"4":{"start":{"line":17,"column":19},"end":{"line":17,"column":29}},"5":{"start":{"line":18,"column":4},"end":{"line":29,"column":5}},"6":{"start":{"line":19,"column":20},"end":{"line":19,"column":44}},"7":{"start":{"line":20,"column":6},"end":{"line":22,"column":7}},"8":{"start":{"line":21,"column":8},"end":{"line":21,"column":67}},"9":{"start":{"line":23,"column":6},"end":{"line":23,"column":41}},"10":{"start":{"line":25,"column":6},"end":{"line":28,"column":9}},"11":{"start":{"line":34,"column":6},"end":{"line":34,"column":14}},"12":{"start":{"line":37,"column":4},"end":{"line":47,"column":5}},"13":{"start":{"line":46,"column":6},"end":{"line":46,"column":73}},"14":{"start":{"line":49,"column":4},"end":{"line":66,"column":5}},"15":{"start":{"line":50,"column":20},"end":{"line":58,"column":8}},"16":{"start":{"line":60,"column":6},"end":{"line":60,"column":41}},"17":{"start":{"line":62,"column":6},"end":{"line":65,"column":9}},"18":{"start":{"line":70,"column":19},"end":{"line":70,"column":29}},"19":{"start":{"line":72,"column":6},"end":{"line":72,"column":14}},"20":{"start":{"line":75,"column":4},"end":{"line":85,"column":5}},"21":{"start":{"line":84,"column":6},"end":{"line":84,"column":73}},"22":{"start":{"line":87,"column":4},"end":{"line":102,"column":5}},"23":{"start":{"line":88,"column":20},"end":{"line":92,"column":7}},"24":{"start":{"line":93,"column":6},"end":{"line":95,"column":7}},"25":{"start":{"line":94,"column":8},"end":{"line":94,"column":67}},"26":{"start":{"line":96,"column":6},"end":{"line":96,"column":41}},"27":{"start":{"line":98,"column":6},"end":{"line":101,"column":9}},"28":{"start":{"line":106,"column":19},"end":{"line":106,"column":29}},"29":{"start":{"line":107,"column":4},"end":{"line":118,"column":5}},"30":{"start":{"line":108,"column":20},"end":{"line":108,"column":53}},"31":{"start":{"line":109,"column":6},"end":{"line":111,"column":7}},"32":{"start":{"line":110,"column":8},"end":{"line":110,"column":67}},"33":{"start":{"line":112,"column":6},"end":{"line":112,"column":33}},"34":{"start":{"line":114,"column":6},"end":{"line":117,"column":9}},"35":{"start":{"line":122,"column":0},"end":{"line":122,"column":33}}},"fnMap":{"0":{"name":"(anonymous_0)","decl":{"start":{"line":4,"column":2},"end":{"line":4,"column":3}},"loc":{"start":{"line":4,"column":38},"end":{"line":14,"column":3}},"line":4},"1":{"name":"(anonymous_1)","decl":{"start":{"line":16,"column":2},"end":{"line":16,"column":3}},"loc":{"start":{"line":16,"column":38},"end":{"line":30,"column":3}},"line":16},"2":{"name":"(anonymous_2)","decl":{"start":{"line":32,"column":2},"end":{"line":32,"column":3}},"loc":{"start":{"line":32,"column":37},"end":{"line":67,"column":3}},"line":32},"3":{"name":"(anonymous_3)","decl":{"start":{"line":69,"column":2},"end":{"line":69,"column":3}},"loc":{"start":{"line":69,"column":37},"end":{"line":103,"column":3}},"line":69},"4":{"name":"(anonymous_4)","decl":{"start":{"line":105,"column":2},"end":{"line":105,"column":3}},"loc":{"start":{"line":105,"column":37},"end":{"line":119,"column":3}},"line":105}},"branchMap":{"0":{"loc":{"start":{"line":20,"column":6},"end":{"line":22,"column":7}},"type":"if","locations":[{"start":{"line":20,"column":6},"end":{"line":22,"column":7}},{"start":{},"end":{}}],"line":20},"1":{"loc":{"start":{"line":37,"column":4},"end":{"line":47,"column":5}},"type":"if","locations":[{"start":{"line":37,"column":4},"end":{"line":47,"column":5}},{"start":{},"end":{}}],"line":37},"2":{"loc":{"start":{"line":38,"column":6},"end":{"line":44,"column":15}},"type":"binary-expr","locations":[{"start":{"line":38,"column":6},"end":{"line":38,"column":11}},{"start":{"line":39,"column":6},"end":{"line":39,"column":19}},{"start":{"line":40,"column":6},"end":{"line":40,"column":15}},{"start":{"line":41,"column":6},"end":{"line":41,"column":12}},{"start":{"line":42,"column":6},"end":{"line":42,"column":17}},{"start":{"line":43,"column":6},"end":{"line":43,"column":12}},{"start":{"line":44,"column":6},"end":{"line":44,"column":15}}],"line":38},"3":{"loc":{"start":{"line":75,"column":4},"end":{"line":85,"column":5}},"type":"if","locations":[{"start":{"line":75,"column":4},"end":{"line":85,"column":5}},{"start":{},"end":{}}],"line":75},"4":{"loc":{"start":{"line":76,"column":6},"end":{"line":82,"column":15}},"type":"binary-expr","locations":[{"start":{"line":76,"column":6},"end":{"line":76,"column":11}},{"start":{"line":77,"column":6},"end":{"line":77,"column":19}},{"start":{"line":78,"column":6},"end":{"line":78,"column":15}},{"start":{"line":79,"column":6},"end":{"line":79,"column":12}},{"start":{"line":80,"column":6},"end":{"line":80,"column":17}},{"start":{"line":81,"column":6},"end":{"line":81,"column":12}},{"start":{"line":82,"column":6},"end":{"line":82,"column":15}}],"line":76},"5":{"loc":{"start":{"line":93,"column":6},"end":{"line":95,"column":7}},"type":"if","locations":[{"start":{"line":93,"column":6},"end":{"line":95,"column":7}},{"start":{},"end":{}}],"line":93},"6":{"loc":{"start":{"line":109,"column":6},"end":{"line":111,"column":7}},"type":"if","locations":[{"start":{"line":109,"column":6},"end":{"line":111,"column":7}},{"start":{},"end":{}}],"line":109}},"s":{"0":0,"1":0,"2":0,"3":0,"4":0,"5":0,"6":0,"7":0,"8":0,"9":0,"10":0,"11":0,"12":0,"13":0,"14":0,"15":0,"16":0,"17":0,"18":0,"19":0,"20":0,"21":0,"22":0,"23":0,"24":0,"25":0,"26":0,"27":0,"28":0,"29":0,"30":0,"31":0,"32":0,"33":0,"34":0,"35":1},"f":{"0":0,"1":0,"2":0,"3":0,"4":0},"b":{"0":[0,0],"1":[0,0],"2":[0,0,0,0,0,0,0],"3":[0,0],"4":[0,0,0,0,0,0,0],"5":[0,0],"6":[0,0]},"_coverageSchema":"1a1c01bbd47fc00a2c39e90264f33305004495a9","hash":"53f8b2dee4f01cb174c768f92c220b7e59e5eb50"}
,"C:\\Users\\Lenovo\\Desktop\\Dev\\City-SSPS-API\\src\\controller\\StreetController.js": {"path":"C:\\Users\\Lenovo\\Desktop\\Dev\\City-SSPS-API\\src\\controller\\StreetController.js","statementMap":{"0":{"start":{"line":4,"column":20},"end":{"line":4,"column":39}},"1":{"start":{"line":6,"column":4},"end":{"line":10,"column":5}},"2":{"start":{"line":7,"column":6},"end":{"line":9,"column":9}},"3":{"start":{"line":12,"column":4},"end":{"line":15,"column":7}},"4":{"start":{"line":19,"column":4},"end":{"line":39,"column":5}},"5":{"start":{"line":20,"column":21},"end":{"line":20,"column":31}},"6":{"start":{"line":22,"column":21},"end":{"line":22,"column":46}},"7":{"start":{"line":24,"column":6},"end":{"line":28,"column":7}},"8":{"start":{"line":25,"column":8},"end":{"line":27,"column":11}},"9":{"start":{"line":30,"column":6},"end":{"line":33,"column":9}},"10":{"start":{"line":35,"column":6},"end":{"line":38,"column":9}},"11":{"start":{"line":43,"column":4},"end":{"line":77,"column":5}},"12":{"start":{"line":44,"column":71},"end":{"line":44,"column":79}},"13":{"start":{"line":46,"column":6},"end":{"line":57,"column":7}},"14":{"start":{"line":54,"column":8},"end":{"line":56,"column":11}},"15":{"start":{"line":59,"column":23},"end":{"line":66,"column":8}},"16":{"start":{"line":68,"column":6},"end":{"line":71,"column":9}},"17":{"start":{"line":73,"column":6},"end":{"line":76,"column":9}},"18":{"start":{"line":80,"column":4},"end":{"line":112,"column":5}},"19":{"start":{"line":81,"column":21},"end":{"line":81,"column":31}},"20":{"start":{"line":82,"column":51},"end":{"line":82,"column":59}},"21":{"start":{"line":84,"column":6},"end":{"line":88,"column":7}},"22":{"start":{"line":85,"column":8},"end":{"line":87,"column":11}},"23":{"start":{"line":90,"column":23},"end":{"line":101,"column":7}},"24":{"start":{"line":103,"column":6},"end":{"line":106,"column":9}},"25":{"start":{"line":108,"column":6},"end":{"line":111,"column":9}},"26":{"start":{"line":116,"column":4},"end":{"line":130,"column":5}},"27":{"start":{"line":117,"column":21},"end":{"line":117,"column":31}},"28":{"start":{"line":119,"column":23},"end":{"line":119,"column":58}},"29":{"start":{"line":121,"column":6},"end":{"line":124,"column":9}},"30":{"start":{"line":126,"column":6},"end":{"line":129,"column":9}}},"fnMap":{"0":{"name":"(anonymous_0)","decl":{"start":{"line":3,"column":2},"end":{"line":3,"column":3}},"loc":{"start":{"line":3,"column":36},"end":{"line":16,"column":3}},"line":3},"1":{"name":"(anonymous_1)","decl":{"start":{"line":18,"column":2},"end":{"line":18,"column":3}},"loc":{"start":{"line":18,"column":35},"end":{"line":40,"column":3}},"line":18},"2":{"name":"(anonymous_2)","decl":{"start":{"line":42,"column":2},"end":{"line":42,"column":3}},"loc":{"start":{"line":42,"column":37},"end":{"line":78,"column":3}},"line":42},"3":{"name":"(anonymous_3)","decl":{"start":{"line":79,"column":2},"end":{"line":79,"column":3}},"loc":{"start":{"line":79,"column":39},"end":{"line":113,"column":3}},"line":79},"4":{"name":"(anonymous_4)","decl":{"start":{"line":115,"column":2},"end":{"line":115,"column":3}},"loc":{"start":{"line":115,"column":39},"end":{"line":131,"column":3}},"line":115}},"branchMap":{"0":{"loc":{"start":{"line":6,"column":4},"end":{"line":10,"column":5}},"type":"if","locations":[{"start":{"line":6,"column":4},"end":{"line":10,"column":5}},{"start":{},"end":{}}],"line":6},"1":{"loc":{"start":{"line":24,"column":6},"end":{"line":28,"column":7}},"type":"if","locations":[{"start":{"line":24,"column":6},"end":{"line":28,"column":7}},{"start":{},"end":{}}],"line":24},"2":{"loc":{"start":{"line":46,"column":6},"end":{"line":57,"column":7}},"type":"if","locations":[{"start":{"line":46,"column":6},"end":{"line":57,"column":7}},{"start":{},"end":{}}],"line":46},"3":{"loc":{"start":{"line":47,"column":8},"end":{"line":52,"column":17}},"type":"binary-expr","locations":[{"start":{"line":47,"column":8},"end":{"line":47,"column":21}},{"start":{"line":48,"column":8},"end":{"line":48,"column":13}},{"start":{"line":49,"column":8},"end":{"line":49,"column":17}},{"start":{"line":50,"column":8},"end":{"line":50,"column":14}},{"start":{"line":51,"column":8},"end":{"line":51,"column":14}},{"start":{"line":52,"column":8},"end":{"line":52,"column":17}}],"line":47},"4":{"loc":{"start":{"line":84,"column":6},"end":{"line":88,"column":7}},"type":"if","locations":[{"start":{"line":84,"column":6},"end":{"line":88,"column":7}},{"start":{},"end":{}}],"line":84},"5":{"loc":{"start":{"line":84,"column":10},"end":{"line":84,"column":52}},"type":"binary-expr","locations":[{"start":{"line":84,"column":10},"end":{"line":84,"column":21}},{"start":{"line":84,"column":25},"end":{"line":84,"column":30}},{"start":{"line":84,"column":34},"end":{"line":84,"column":40}},{"start":{"line":84,"column":44},"end":{"line":84,"column":52}}],"line":84}},"s":{"0":1,"1":1,"2":0,"3":1,"4":2,"5":2,"6":2,"7":1,"8":0,"9":1,"10":1,"11":2,"12":2,"13":2,"14":1,"15":2,"16":1,"17":1,"18":2,"19":2,"20":2,"21":2,"22":2,"23":2,"24":1,"25":2,"26":1,"27":1,"28":1,"29":1,"30":0},"f":{"0":1,"1":2,"2":2,"3":2,"4":1},"b":{"0":[0,1],"1":[0,1],"2":[1,1],"3":[2,1,1,1,1,1],"4":[2,0],"5":[2,2,2,2]},"_coverageSchema":"1a1c01bbd47fc00a2c39e90264f33305004495a9","hash":"2d49a845b83d45176ecdc3480eeba0126336a2b0"}
,"C:\\Users\\Lenovo\\Desktop\\Dev\\City-SSPS-API\\src\\db\\mongoos.js": {"path":"C:\\Users\\Lenovo\\Desktop\\Dev\\City-SSPS-API\\src\\db\\mongoos.js","statementMap":{"0":{"start":{"line":4,"column":0},"end":{"line":4,"column":74}},"1":{"start":{"line":8,"column":2},"end":{"line":17,"column":7}},"2":{"start":{"line":11,"column":6},"end":{"line":11,"column":56}},"3":{"start":{"line":14,"column":6},"end":{"line":14,"column":64}},"4":{"start":{"line":15,"column":6},"end":{"line":15,"column":27}},"5":{"start":{"line":16,"column":6},"end":{"line":16,"column":22}}},"fnMap":{"0":{"name":"connect","decl":{"start":{"line":6,"column":9},"end":{"line":6,"column":16}},"loc":{"start":{"line":6,"column":19},"end":{"line":18,"column":1}},"line":6},"1":{"name":"(anonymous_1)","decl":{"start":{"line":10,"column":10},"end":{"line":10,"column":11}},"loc":{"start":{"line":10,"column":16},"end":{"line":12,"column":5}},"line":10},"2":{"name":"(anonymous_2)","decl":{"start":{"line":13,"column":11},"end":{"line":13,"column":12}},"loc":{"start":{"line":13,"column":22},"end":{"line":17,"column":5}},"line":13}},"branchMap":{},"s":{"0":1,"1":1,"2":1,"3":0,"4":0,"5":0},"f":{"0":1,"1":1,"2":0},"b":{},"_coverageSchema":"1a1c01bbd47fc00a2c39e90264f33305004495a9","hash":"6a8f3cf16b5358918cddb67b315af8ecbd45829a"}
,"C:\\Users\\Lenovo\\Desktop\\Dev\\City-SSPS-API\\src\\middleware\\auth.js": {"path":"C:\\Users\\Lenovo\\Desktop\\Dev\\City-SSPS-API\\src\\middleware\\auth.js","statementMap":{"0":{"start":{"line":3,"column":31},"end":{"line":11,"column":1}},"1":{"start":{"line":4,"column":2},"end":{"line":7,"column":3}},"2":{"start":{"line":6,"column":4},"end":{"line":6,"column":18}},"3":{"start":{"line":10,"column":2},"end":{"line":10,"column":52}}},"fnMap":{"0":{"name":"(anonymous_0)","decl":{"start":{"line":3,"column":31},"end":{"line":3,"column":32}},"loc":{"start":{"line":3,"column":51},"end":{"line":11,"column":1}},"line":3}},"branchMap":{"0":{"loc":{"start":{"line":4,"column":2},"end":{"line":7,"column":3}},"type":"if","locations":[{"start":{"line":4,"column":2},"end":{"line":7,"column":3}},{"start":{},"end":{}}],"line":4}},"s":{"0":1,"1":1,"2":0,"3":1},"f":{"0":1},"b":{"0":[0,1]},"_coverageSchema":"1a1c01bbd47fc00a2c39e90264f33305004495a9","hash":"c2e59683e1ee5ad29b3a992cff7e9a8986b66a98"}
}
