TN:
SF:src\Models\Power.js
FNF:0
FNH:0
DA:3,1
LF:1
LH:1
BRF:0
BRH:0
end_of_record
TN:
SF:src\Models\Security.js
FNF:0
FNH:0
DA:3,1
LF:1
LH:1
BRF:0
BRH:0
end_of_record
TN:
SF:src\Models\Sewer.js
FNF:0
FNH:0
DA:3,1
LF:1
LH:1
BRF:0
BRH:0
end_of_record
TN:
SF:src\Models\Street.js
FNF:0
FNH:0
DA:3,1
LF:1
LH:1
BRF:0
BRH:0
end_of_record
TN:
SF:src\Routes\app.js
FN:32,(anonymous_0)
FN:50,(anonymous_1)
FNF:2
FNH:1
FNDA:9,(anonymous_0)
FNDA:0,(anonymous_1)
DA:10,1
DA:11,1
DA:13,1
DA:20,1
DA:25,1
DA:26,1
DA:28,1
DA:29,1
DA:32,1
DA:33,9
DA:34,9
DA:38,9
DA:42,9
DA:47,1
DA:50,1
DA:52,0
DA:53,0
DA:54,0
LF:18
LH:15
BRDA:52,0,0,0
BRDA:52,0,1,0
BRDA:53,1,0,0
BRDA:53,1,1,0
BRF:4
BRH:0
end_of_record
TN:
SF:src\Routes\swaggerRoute.js
FNF:0
FNH:0
DA:4,1
DA:5,1
DA:6,1
LF:3
LH:3
BRF:0
BRH:0
end_of_record
TN:
SF:src\Routes\api-v1\routes.js
FNF:0
FNH:0
DA:11,1
DA:13,1
DA:14,1
DA:15,1
DA:16,1
DA:17,1
DA:18,1
DA:19,1
DA:20,1
LF:9
LH:9
BRF:0
BRH:0
end_of_record
TN:
SF:src\Routes\api-v1\Neighborhood\neighborhoodRoute.js
FNF:0
FNH:0
DA:3,1
DA:5,1
LF:2
LH:2
BRF:0
BRH:0
end_of_record
TN:
SF:src\Routes\api-v1\Oauth\oauthRoute.js
FN:7,isLoggedIn
FN:11,(anonymous_1)
FN:31,(anonymous_2)
FN:36,(anonymous_3)
FN:41,(anonymous_4)
FN:42,(anonymous_5)
FNF:6
FNH:0
FNDA:0,isLoggedIn
FNDA:0,(anonymous_1)
FNDA:0,(anonymous_2)
FNDA:0,(anonymous_3)
FNDA:0,(anonymous_4)
FNDA:0,(anonymous_5)
DA:5,1
DA:8,0
DA:11,1
DA:12,0
DA:14,0
DA:18,0
DA:23,1
DA:31,1
DA:32,0
DA:33,0
DA:36,1
DA:37,0
DA:38,0
DA:41,1
DA:42,0
DA:43,0
DA:44,0
DA:46,0
DA:47,0
LF:19
LH:6
BRDA:8,0,0,0
BRDA:8,0,1,0
BRDA:12,1,0,0
BRDA:12,1,1,0
BRDA:43,2,0,0
BRDA:43,2,1,0
BRF:6
BRH:0
end_of_record
TN:
SF:src\Routes\api-v1\power\Power.js
FNF:0
FNH:0
DA:4,1
DA:7,1
DA:10,1
DA:13,1
DA:16,1
DA:19,1
LF:6
LH:6
BRF:0
BRH:0
end_of_record
TN:
SF:src\Routes\api-v1\sewer\Sewer.js
FNF:0
FNH:0
DA:4,1
DA:7,1
DA:10,1
DA:13,1
DA:16,1
DA:19,1
LF:6
LH:6
BRF:0
BRH:0
end_of_record
TN:
SF:src\Routes\api-v1\street\Street.js
FNF:0
FNH:0
DA:3,1
DA:5,1
DA:6,1
DA:7,1
DA:8,1
DA:9,1
LF:6
LH:6
BRF:0
BRH:0
end_of_record
TN:
SF:src\auth\auth.js
FN:14,(anonymous_0)
FN:20,(anonymous_1)
FN:24,(anonymous_2)
FNF:3
FNH:0
FNDA:0,(anonymous_0)
FNDA:0,(anonymous_1)
FNDA:0,(anonymous_2)
DA:4,1
DA:6,1
DA:15,0
DA:20,1
DA:21,0
DA:24,1
DA:25,0
LF:7
LH:4
BRF:0
BRH:0
end_of_record
TN:
SF:src\controller\NeighborhoodController.js
FN:8,(anonymous_0)
FNF:1
FNH:0
FNDA:0,(anonymous_0)
DA:9,0
DA:10,0
DA:11,0
DA:12,0
DA:13,0
DA:14,0
DA:15,0
DA:16,0
DA:18,0
LF:9
LH:0
BRF:0
BRH:0
end_of_record
TN:
SF:src\controller\PowerController.js
FN:4,(anonymous_0)
FN:16,(anonymous_1)
FN:34,(anonymous_2)
FN:72,(anonymous_3)
FN:105,(anonymous_4)
FNF:5
FNH:0
FNDA:0,(anonymous_0)
FNDA:0,(anonymous_1)
FNDA:0,(anonymous_2)
FNDA:0,(anonymous_3)
FNDA:0,(anonymous_4)
DA:5,0
DA:6,0
DA:7,0
DA:9,0
DA:17,0
DA:18,0
DA:19,0
DA:20,0
DA:21,0
DA:23,0
DA:28,0
DA:36,0
DA:39,0
DA:48,0
DA:53,0
DA:54,0
DA:63,0
DA:65,0
DA:73,0
DA:75,0
DA:78,0
DA:87,0
DA:90,0
DA:91,0
DA:96,0
DA:97,0
DA:99,0
DA:101,0
DA:106,0
DA:107,0
DA:108,0
DA:109,0
DA:110,0
DA:112,0
DA:114,0
LF:35
LH:0
BRDA:20,0,0,0
BRDA:20,0,1,0
BRDA:39,1,0,0
BRDA:39,1,1,0
BRDA:40,2,0,0
BRDA:40,2,1,0
BRDA:40,2,2,0
BRDA:40,2,3,0
BRDA:40,2,4,0
BRDA:40,2,5,0
BRDA:40,2,6,0
BRDA:78,3,0,0
BRDA:78,3,1,0
BRDA:79,4,0,0
BRDA:79,4,1,0
BRDA:79,4,2,0
BRDA:79,4,3,0
BRDA:79,4,4,0
BRDA:79,4,5,0
BRDA:79,4,6,0
BRDA:96,5,0,0
BRDA:96,5,1,0
BRDA:109,6,0,0
BRDA:109,6,1,0
BRF:24
BRH:0
end_of_record
TN:
SF:src\controller\SewerController.js
FN:4,(anonymous_0)
FN:16,(anonymous_1)
FN:32,(anonymous_2)
FN:69,(anonymous_3)
FN:105,(anonymous_4)
FNF:5
FNH:0
FNDA:0,(anonymous_0)
FNDA:0,(anonymous_1)
FNDA:0,(anonymous_2)
FNDA:0,(anonymous_3)
FNDA:0,(anonymous_4)
DA:5,0
DA:6,0
DA:7,0
DA:9,0
DA:17,0
DA:18,0
DA:19,0
DA:20,0
DA:21,0
DA:23,0
DA:25,0
DA:34,0
DA:37,0
DA:46,0
DA:49,0
DA:50,0
DA:60,0
DA:62,0
DA:70,0
DA:72,0
DA:75,0
DA:84,0
DA:87,0
DA:88,0
DA:93,0
DA:94,0
DA:96,0
DA:98,0
DA:106,0
DA:107,0
DA:108,0
DA:109,0
DA:110,0
DA:112,0
DA:114,0
DA:122,1
LF:36
LH:1
BRDA:20,0,0,0
BRDA:20,0,1,0
BRDA:37,1,0,0
BRDA:37,1,1,0
BRDA:38,2,0,0
BRDA:38,2,1,0
BRDA:38,2,2,0
BRDA:38,2,3,0
BRDA:38,2,4,0
BRDA:38,2,5,0
BRDA:38,2,6,0
BRDA:75,3,0,0
BRDA:75,3,1,0
BRDA:76,4,0,0
BRDA:76,4,1,0
BRDA:76,4,2,0
BRDA:76,4,3,0
BRDA:76,4,4,0
BRDA:76,4,5,0
BRDA:76,4,6,0
BRDA:93,5,0,0
BRDA:93,5,1,0
BRDA:109,6,0,0
BRDA:109,6,1,0
BRF:24
BRH:0
end_of_record
TN:
SF:src\controller\StreetController.js
FN:3,(anonymous_0)
FN:18,(anonymous_1)
FN:42,(anonymous_2)
FN:79,(anonymous_3)
FN:115,(anonymous_4)
FNF:5
FNH:5
FNDA:1,(anonymous_0)
FNDA:2,(anonymous_1)
FNDA:2,(anonymous_2)
FNDA:2,(anonymous_3)
FNDA:1,(anonymous_4)
DA:4,1
DA:6,1
DA:7,0
DA:12,1
DA:19,2
DA:20,2
DA:22,2
DA:24,1
DA:25,0
DA:30,1
DA:35,1
DA:43,2
DA:44,2
DA:46,2
DA:54,1
DA:59,2
DA:68,1
DA:73,1
DA:80,2
DA:81,2
DA:82,2
DA:84,2
DA:85,2
DA:90,2
DA:103,1
DA:108,2
DA:116,1
DA:117,1
DA:119,1
DA:121,1
DA:126,0
LF:31
LH:28
BRDA:6,0,0,0
BRDA:6,0,1,1
BRDA:24,1,0,0
BRDA:24,1,1,1
BRDA:46,2,0,1
BRDA:46,2,1,1
BRDA:47,3,0,2
BRDA:47,3,1,1
BRDA:47,3,2,1
BRDA:47,3,3,1
BRDA:47,3,4,1
BRDA:47,3,5,1
BRDA:84,4,0,2
BRDA:84,4,1,0
BRDA:84,5,0,2
BRDA:84,5,1,2
BRDA:84,5,2,2
BRDA:84,5,3,2
BRF:18
BRH:15
end_of_record
TN:
SF:src\db\mongoos.js
FN:6,connect
FN:10,(anonymous_1)
FN:13,(anonymous_2)
FNF:3
FNH:2
FNDA:1,connect
FNDA:1,(anonymous_1)
FNDA:0,(anonymous_2)
DA:4,1
DA:8,1
DA:11,1
DA:14,0
DA:15,0
DA:16,0
LF:6
LH:3
BRF:0
BRH:0
end_of_record
TN:
SF:src\middleware\auth.js
FN:3,(anonymous_0)
FNF:1
FNH:1
FNDA:1,(anonymous_0)
DA:3,1
DA:4,1
DA:6,0
DA:10,1
LF:4
LH:3
BRDA:4,0,0,0
BRDA:4,0,1,1
BRF:2
BRH:1
end_of_record
